<?xml version="1.0" encoding="UTF-8"?><testsuite errors="0" failures="6" name="Admin" skipped="0" tests="21" time="115.14" timestamp="2022-06-27 05:01:44"><testcase name="GET - Get All Users"/><testcase name="GET - Get All Admins"/><testcase name="GET - Get Existing Admin By ID"/><testcase name="GET - Get NonExisting Admin By ID"/><testcase name="POST - Create Admin"><failure message="1 expectation failed.&#10;Expected status code &lt;500&gt; but was &lt;200&gt;.&#10;" type="java.lang.AssertionError">1 expectation failed.
Expected status code &lt;500&gt; but was &lt;200&gt;.
</failure><system-err>1 expectation failed.
Expected status code &lt;500&gt; but was &lt;200&gt;.
&#13;
io.restassured.internal.ResponseSpecificationImpl.validateResponseIfRequired(ResponseSpecificationImpl.groovy:674)&#13;
io.restassured.internal.ResponseSpecificationImpl.statusCode(ResponseSpecificationImpl.groovy:126)&#13;
io.restassured.internal.ResponseSpecificationImpl.statusCode(ResponseSpecificationImpl.groovy:134)&#13;
io.restassured.internal.ValidatableResponseOptionsImpl.statusCode(ValidatableResponseOptionsImpl.java:89)&#13;
io.restassured.internal.ValidatableResponseImpl.super$2$statusCode(ValidatableResponseImpl.groovy)&#13;
groovy.lang.MetaMethod.doMethodInvoke(MetaMethod.java:323)&#13;
groovy.lang.MetaClassImpl.invokeMethod(MetaClassImpl.java:1268)&#13;
io.restassured.internal.ValidatableResponseImpl.statusCode(ValidatableResponseImpl.groovy:142)&#13;
io.restassured.internal.ValidatableResponseImpl.statusCode(ValidatableResponseImpl.groovy)&#13;
Capstone.Project.API@1.0-SNAPSHOT/starter.module.Admin.validateNewAdminStatusCode(Admin.java:133)&#13;
Capstone.Project.API@1.0-SNAPSHOT/starter.stepdefinitions.AdminStep.iValidateNewAdminStatusCodeIsStatus_code(AdminStep.java:88)&#13;
✽.I validate new admin status code is 500(file:///E:/My%20Documents/File%20Difa/TI%20Semester%206%20Kampus%20Merdeka%20Alterra/Tugas/CAPSTONE%20Project/Capstone-Project-API/src/test/resources/1.Admin.feature:36)&#13;
</system-err></testcase><testcase name="PUT - Update Existing Admin"><failure message="1 expectation failed.&#10;Expected status code &lt;500&gt; but was &lt;200&gt;.&#10;" type="java.lang.AssertionError">1 expectation failed.
Expected status code &lt;500&gt; but was &lt;200&gt;.
</failure><system-err>1 expectation failed.
Expected status code &lt;500&gt; but was &lt;200&gt;.
&#13;
io.restassured.internal.ResponseSpecificationImpl.validateResponseIfRequired(ResponseSpecificationImpl.groovy:674)&#13;
io.restassured.internal.ResponseSpecificationImpl.statusCode(ResponseSpecificationImpl.groovy:126)&#13;
io.restassured.internal.ResponseSpecificationImpl.statusCode(ResponseSpecificationImpl.groovy:134)&#13;
io.restassured.internal.ValidatableResponseOptionsImpl.statusCode(ValidatableResponseOptionsImpl.java:89)&#13;
io.restassured.internal.ValidatableResponseImpl.super$2$statusCode(ValidatableResponseImpl.groovy)&#13;
groovy.lang.MetaMethod.doMethodInvoke(MetaMethod.java:323)&#13;
groovy.lang.MetaClassImpl.invokeMethod(MetaClassImpl.java:1268)&#13;
io.restassured.internal.ValidatableResponseImpl.statusCode(ValidatableResponseImpl.groovy:142)&#13;
io.restassured.internal.ValidatableResponseImpl.statusCode(ValidatableResponseImpl.groovy)&#13;
Capstone.Project.API@1.0-SNAPSHOT/starter.module.Admin.validateUpdateAdminStatusCode(Admin.java:186)&#13;
Capstone.Project.API@1.0-SNAPSHOT/starter.stepdefinitions.AdminStep.iValidateUpdateExistingAdminStatusCodeIsStatus_code(AdminStep.java:103)&#13;
✽.I validate update existing admin status code is 500(file:///E:/My%20Documents/File%20Difa/TI%20Semester%206%20Kampus%20Merdeka%20Alterra/Tugas/CAPSTONE%20Project/Capstone-Project-API/src/test/resources/1.Admin.feature:50)&#13;
</system-err></testcase><testcase name="PUT - Update NonExisting Admin"/><testcase name="DELETE - Delete Existing Admin By ID"/><testcase name="DELETE - Delete NonExisting Admin By ID"/></testsuite>