<?xml version="1.0" encoding="UTF-8" standalone="no"?><testsuite errors="0" failures="0" name="Patient" skipped="0" tests="10" time="116.57" timestamp="2022-06-20 04:32:20"><testcase name="Create New Patient Scenario"/><testcase name="Cancel Create New Patient Scenario"/><testcase name="Edit Patient Data Scenario"/><testcase name="Cancel Edit Patient Data Scenario"/><testcase name="Cancel Delete Patient Data Scenario"/><testcase name="Delete Patient Data Scenario"/><testcase name="Search Patient Based on Patient Name Scenario"/><testcase name="Search Patient Based on Patient Date of Birth Scenario"/><testcase name="Search Patient Based on Patient Gender Scenario"/><testcase name="Search Patient Based on Patient Blood Type Scenario"/></testsuite>