<?xml version="1.0" encoding="UTF-8"?>
<testsuite xmlns:xsi="http://www.w3.org/2001/XMLSchema-instance" xsi:noNamespaceSchemaLocation="https://maven.apache.org/surefire/maven-failsafe-plugin/xsd/failsafe-test-report-3.0.xsd" version="3.0" name="project.mobile.acceptancetests.AcceptanceTestSuite" time="293.706" tests="16" errors="0" skipped="0" failures="0">
  <properties>
[...]
</properties>
  <testcase name="Log in Scenario #1" classname="Login" time="35.346">
    <system-out><![CDATA[
@LoginScenario
Scenario Outline: Log in Scenario                            &amp#27;[90m# src/test/resources/features/1.Login.feature:16&amp#27;[0m
  &amp#27;[32mGiven &amp#27;[0m&amp#27;[32mI am on the login page&amp#27;[0m                               &amp#27;[90m# project.mobile.steps.LoginSteps.iAmOnTheLoginPage()&amp#27;[0m
  &amp#27;[32mWhen &amp#27;[0m&amp#27;[32mI input &amp#27;[0m&amp#27;[32m&amp#27;[1m"test"&amp#27;[0m&amp#27;[32m email&amp#27;[0m                                  &amp#27;[90m# project.mobile.steps.LoginSteps.iInputEmail(java.lang.String)&amp#27;[0m
  &amp#27;[32mAnd &amp#27;[0m&amp#27;[32mI tap show password icon and input &amp#27;[0m&amp#27;[32m&amp#27;[1m"Test@123"&amp#27;[0m&amp#27;[32m password&amp#27;[0m &amp#27;[90m# project.mobile.steps.LoginSteps.iTapShowPasswordIconAndInputPassword(java.lang.String)&amp#27;[0m
  &amp#27;[32mAnd &amp#27;[0m&amp#27;[32mI tap hide password icon and tap sign in button&amp#27;[0m        &amp#27;[90m# project.mobile.steps.LoginSteps.iTapHidePasswordIconAndTapSignInButton()&amp#27;[0m
  &amp#27;[32mThen &amp#27;[0m&amp#27;[32mI get the &amp#27;[0m&amp#27;[32m&amp#27;[1m"Please enter a valid email address"&amp#27;[0m        &amp#27;[90m# project.mobile.steps.LoginSteps.iGetThe(java.lang.String)&amp#27;[0m
]]></system-out>
    <system-err><![CDATA[[main] INFO io.cucumber.core.plugin.SerenityReporter - Running feature from file:///E:/My%20Documents/File%20Difa/TI%20Semester%206%20Kampus%20Merdeka%20Alterra/Tugas/CAPSTONE%20Project/Capstone-Project-Mobile/src/test/resources/features/1.Login.feature
[main] WARN io.cucumber.core.plugin.SerenityReporter - Feature from file:///E:/My%20Documents/File%20Difa/TI%20Semester%206%20Kampus%20Merdeka%20Alterra/Tugas/CAPSTONE%20Project/Capstone-Project-Mobile/src/test/resources/features/1.Login.feature is not under the 'features' directory. Requirements report will not be correctly generated!
[main] INFO  - 

-------------------------------------------------------------------------------------
     _______. _______ .______       _______ .__   __.  __  .___________.____    ____ 
    /       ||   ____||   _  \     |   ____||  \ |  | |  | |           |\   \  /   / 
   |   (----`|  |__   |  |_)  |    |  |__   |   \|  | |  | `---|  |----` \   \/   /  
    \   \    |   __|  |      /     |   __|  |  . `  | |  |     |  |       \_    _/   
.----)   |   |  |____ |  |\  \----.|  |____ |  |\   | |  |     |  |         |  |     
|_______/    |_______|| _| `._____||_______||__| \__| |__|     |__|         |__|    
                                                                                     
 News and tutorials at http://www.serenity-bdd.info                                  
 Documentation at https://wakaleo.gitbooks.io/the-serenity-book/content/             
 Join the Serenity Community on Gitter: https://gitter.im/serenity-bdd/serenity-core 
 Serenity BDD Support and Training at http://serenity-bdd.info/#/trainingandsupport  
-------------------------------------------------------------------------------------

[main] INFO  - Test Suite Started: Login
[main] INFO io.cucumber.core.plugin.SerenityReporter - Running feature from file:///E:/My%20Documents/File%20Difa/TI%20Semester%206%20Kampus%20Merdeka%20Alterra/Tugas/CAPSTONE%20Project/Capstone-Project-Mobile/src/test/resources/features/2.Dashboard.feature
[main] WARN io.cucumber.core.plugin.SerenityReporter - Feature from file:///E:/My%20Documents/File%20Difa/TI%20Semester%206%20Kampus%20Merdeka%20Alterra/Tugas/CAPSTONE%20Project/Capstone-Project-Mobile/src/test/resources/features/2.Dashboard.feature is not under the 'features' directory. Requirements report will not be correctly generated!
[main] INFO  - Test Suite Started: Dashboard
[main] INFO io.cucumber.core.plugin.SerenityReporter - Running feature from file:///E:/My%20Documents/File%20Difa/TI%20Semester%206%20Kampus%20Merdeka%20Alterra/Tugas/CAPSTONE%20Project/Capstone-Project-Mobile/src/test/resources/features/3.Patient.feature
[main] WARN io.cucumber.core.plugin.SerenityReporter - Feature from file:///E:/My%20Documents/File%20Difa/TI%20Semester%206%20Kampus%20Merdeka%20Alterra/Tugas/CAPSTONE%20Project/Capstone-Project-Mobile/src/test/resources/features/3.Patient.feature is not under the 'features' directory. Requirements report will not be correctly generated!
[main] INFO  - Test Suite Started: Patient
[main] INFO io.cucumber.core.plugin.SerenityReporter - Running feature from file:///E:/My%20Documents/File%20Difa/TI%20Semester%206%20Kampus%20Merdeka%20Alterra/Tugas/CAPSTONE%20Project/Capstone-Project-Mobile/src/test/resources/features/4.Sidebar.feature
[main] WARN io.cucumber.core.plugin.SerenityReporter - Feature from file:///E:/My%20Documents/File%20Difa/TI%20Semester%206%20Kampus%20Merdeka%20Alterra/Tugas/CAPSTONE%20Project/Capstone-Project-Mobile/src/test/resources/features/4.Sidebar.feature is not under the 'features' directory. Requirements report will not be correctly generated!
[main] INFO  - Test Suite Started: Sidebar
[main] INFO io.cucumber.core.plugin.SerenityReporter - Running feature from file:///E:/My%20Documents/File%20Difa/TI%20Semester%206%20Kampus%20Merdeka%20Alterra/Tugas/CAPSTONE%20Project/Capstone-Project-Mobile/src/test/resources/features/1.Login.feature
[main] WARN io.cucumber.core.plugin.SerenityReporter - Feature from file:///E:/My%20Documents/File%20Difa/TI%20Semester%206%20Kampus%20Merdeka%20Alterra/Tugas/CAPSTONE%20Project/Capstone-Project-Mobile/src/test/resources/features/1.Login.feature is not under the 'features' directory. Requirements report will not be correctly generated!
[main] INFO  - 
 _____ _____ ____ _____   ____ _____  _    ____ _____ _____ ____  
|_   _| ____/ ___|_   _| / ___|_   _|/ \  |  _ \_   _| ____|  _ \ 
  | | |  _| \___ \ | |   \___ \ | | / _ \ | |_) || | |  _| | | | |
  | | | |___ ___) || |    ___) || |/ ___ \|  _ < | | | |___| |_| |
  |_| |_____|____/ |_|   |____/ |_/_/   \_\_| \_\|_| |_____|____/ 

Log in Scenario(login;log-in-scenario)
-------------------------------------------------------------------
Jul 04, 2022 12:57:02 PM io.appium.java_client.remote.AppiumCommandExecutor$1 lambda$0
INFO: Detected dialect: W3C
[main] INFO  - 
        __    _____ _____ ____ _____   ____   _    ____  ____  _____ ____  
  _     \ \  |_   _| ____/ ___|_   _| |  _ \ / \  / ___|/ ___|| ____|  _ \ 
 (_)_____| |   | | |  _| \___ \ | |   | |_) / _ \ \___ \\___ \|  _| | | | |
  _|_____| |   | | | |___ ___) || |   |  __/ ___ \ ___) |___) | |___| |_| |
 (_)     | |   |_| |_____|____/ |_|   |_| /_/   \_\____/|____/|_____|____/ 
        /_/                                                                

Log in Scenario
----------------------------------------------------------------------------
]]></system-err>
  </testcase>
  <testcase name="Log in Scenario #2" classname="Login" time="19.109">
    <system-out><![CDATA[
@LoginScenario
Scenario Outline: Log in Scenario                            &amp#27;[90m# src/test/resources/features/1.Login.feature:17&amp#27;[0m
  &amp#27;[32mGiven &amp#27;[0m&amp#27;[32mI am on the login page&amp#27;[0m                               &amp#27;[90m# project.mobile.steps.LoginSteps.iAmOnTheLoginPage()&amp#27;[0m
  &amp#27;[32mWhen &amp#27;[0m&amp#27;[32mI input &amp#27;[0m&amp#27;[32m&amp#27;[1m"test@gmail.com"&amp#27;[0m&amp#27;[32m email&amp#27;[0m                        &amp#27;[90m# project.mobile.steps.LoginSteps.iInputEmail(java.lang.String)&amp#27;[0m
  &amp#27;[32mAnd &amp#27;[0m&amp#27;[32mI tap show password icon and input &amp#27;[0m&amp#27;[32m&amp#27;[1m"test1234"&amp#27;[0m&amp#27;[32m password&amp#27;[0m &amp#27;[90m# project.mobile.steps.LoginSteps.iTapShowPasswordIconAndInputPassword(java.lang.String)&amp#27;[0m
  &amp#27;[32mAnd &amp#27;[0m&amp#27;[32mI tap hide password icon and tap sign in button&amp#27;[0m        &amp#27;[90m# project.mobile.steps.LoginSteps.iTapHidePasswordIconAndTapSignInButton()&amp#27;[0m
  &amp#27;[32mThen &amp#27;[0m&amp#27;[32mI get the &amp#27;[0m&amp#27;[32m&amp#27;[1m"Please enter valid password!"&amp#27;[0m              &amp#27;[90m# project.mobile.steps.LoginSteps.iGetThe(java.lang.String)&amp#27;[0m
]]></system-out>
    <system-err><![CDATA[[main] INFO io.cucumber.core.plugin.SerenityReporter - Running feature from file:///E:/My%20Documents/File%20Difa/TI%20Semester%206%20Kampus%20Merdeka%20Alterra/Tugas/CAPSTONE%20Project/Capstone-Project-Mobile/src/test/resources/features/1.Login.feature
[main] WARN io.cucumber.core.plugin.SerenityReporter - Feature from file:///E:/My%20Documents/File%20Difa/TI%20Semester%206%20Kampus%20Merdeka%20Alterra/Tugas/CAPSTONE%20Project/Capstone-Project-Mobile/src/test/resources/features/1.Login.feature is not under the 'features' directory. Requirements report will not be correctly generated!
Jul 04, 2022 12:57:22 PM io.appium.java_client.remote.AppiumCommandExecutor$1 lambda$0
INFO: Detected dialect: W3C
[main] INFO  - 
        __    _____ _____ ____ _____   ____   _    ____  ____  _____ ____  
  _     \ \  |_   _| ____/ ___|_   _| |  _ \ / \  / ___|/ ___|| ____|  _ \ 
 (_)_____| |   | | |  _| \___ \ | |   | |_) / _ \ \___ \\___ \|  _| | | | |
  _|_____| |   | | | |___ ___) || |   |  __/ ___ \ ___) |___) | |___| |_| |
 (_)     | |   |_| |_____|____/ |_|   |_| /_/   \_\____/|____/|_____|____/ 
        /_/                                                                

Log in Scenario
----------------------------------------------------------------------------
]]></system-err>
  </testcase>
  <testcase name="Log in Scenario #3" classname="Login" time="18.971">
    <system-out><![CDATA[
@LoginScenario
Scenario Outline: Log in Scenario                                   &amp#27;[90m# src/test/resources/features/1.Login.feature:18&amp#27;[0m
  &amp#27;[32mGiven &amp#27;[0m&amp#27;[32mI am on the login page&amp#27;[0m                                      &amp#27;[90m# project.mobile.steps.LoginSteps.iAmOnTheLoginPage()&amp#27;[0m
  &amp#27;[32mWhen &amp#27;[0m&amp#27;[32mI input &amp#27;[0m&amp#27;[32m&amp#27;[1m"test@gmail.com"&amp#27;[0m&amp#27;[32m email&amp#27;[0m                               &amp#27;[90m# project.mobile.steps.LoginSteps.iInputEmail(java.lang.String)&amp#27;[0m
  &amp#27;[32mAnd &amp#27;[0m&amp#27;[32mI tap show password icon and input &amp#27;[0m&amp#27;[32m&amp#27;[1m"Test"&amp#27;[0m&amp#27;[32m password&amp#27;[0m            &amp#27;[90m# project.mobile.steps.LoginSteps.iTapShowPasswordIconAndInputPassword(java.lang.String)&amp#27;[0m
  &amp#27;[32mAnd &amp#27;[0m&amp#27;[32mI tap hide password icon and tap sign in button&amp#27;[0m               &amp#27;[90m# project.mobile.steps.LoginSteps.iTapHidePasswordIconAndTapSignInButton()&amp#27;[0m
  &amp#27;[32mThen &amp#27;[0m&amp#27;[32mI get the &amp#27;[0m&amp#27;[32m&amp#27;[1m"Password must be at least 8 characters in length"&amp#27;[0m &amp#27;[90m# project.mobile.steps.LoginSteps.iGetThe(java.lang.String)&amp#27;[0m
]]></system-out>
    <system-err><![CDATA[[main] INFO io.cucumber.core.plugin.SerenityReporter - Running feature from file:///E:/My%20Documents/File%20Difa/TI%20Semester%206%20Kampus%20Merdeka%20Alterra/Tugas/CAPSTONE%20Project/Capstone-Project-Mobile/src/test/resources/features/1.Login.feature
[main] WARN io.cucumber.core.plugin.SerenityReporter - Feature from file:///E:/My%20Documents/File%20Difa/TI%20Semester%206%20Kampus%20Merdeka%20Alterra/Tugas/CAPSTONE%20Project/Capstone-Project-Mobile/src/test/resources/features/1.Login.feature is not under the 'features' directory. Requirements report will not be correctly generated!
Jul 04, 2022 12:57:41 PM io.appium.java_client.remote.AppiumCommandExecutor$1 lambda$0
INFO: Detected dialect: W3C
]]></system-err>
  </testcase>
  <testcase name="Log in Scenario #4" classname="Login" time="31.936">
    <system-out><![CDATA[
@LoginScenario
Scenario Outline: Log in Scenario                            &amp#27;[90m# src/test/resources/features/1.Login.feature:19&amp#27;[0m
  &amp#27;[32mGiven &amp#27;[0m&amp#27;[32mI am on the login page&amp#27;[0m                               &amp#27;[90m# project.mobile.steps.LoginSteps.iAmOnTheLoginPage()&amp#27;[0m
  &amp#27;[32mWhen &amp#27;[0m&amp#27;[32mI input &amp#27;[0m&amp#27;[32m&amp#27;[1m""&amp#27;[0m&amp#27;[32m email&amp#27;[0m                                      &amp#27;[90m# project.mobile.steps.LoginSteps.iInputEmail(java.lang.String)&amp#27;[0m
  &amp#27;[32mAnd &amp#27;[0m&amp#27;[32mI tap show password icon and input &amp#27;[0m&amp#27;[32m&amp#27;[1m"Test@123"&amp#27;[0m&amp#27;[32m password&amp#27;[0m &amp#27;[90m# project.mobile.steps.LoginSteps.iTapShowPasswordIconAndInputPassword(java.lang.String)&amp#27;[0m
  &amp#27;[32mAnd &amp#27;[0m&amp#27;[32mI tap hide password icon and tap sign in button&amp#27;[0m        &amp#27;[90m# project.mobile.steps.LoginSteps.iTapHidePasswordIconAndTapSignInButton()&amp#27;[0m
  &amp#27;[32mThen &amp#27;[0m&amp#27;[32mI get the &amp#27;[0m&amp#27;[32m&amp#27;[1m"Please enter your email"&amp#27;[0m                   &amp#27;[90m# project.mobile.steps.LoginSteps.iGetThe(java.lang.String)&amp#27;[0m
]]></system-out>
    <system-err><![CDATA[[main] INFO io.cucumber.core.plugin.SerenityReporter - Running feature from file:///E:/My%20Documents/File%20Difa/TI%20Semester%206%20Kampus%20Merdeka%20Alterra/Tugas/CAPSTONE%20Project/Capstone-Project-Mobile/src/test/resources/features/1.Login.feature
[main] WARN io.cucumber.core.plugin.SerenityReporter - Feature from file:///E:/My%20Documents/File%20Difa/TI%20Semester%206%20Kampus%20Merdeka%20Alterra/Tugas/CAPSTONE%20Project/Capstone-Project-Mobile/src/test/resources/features/1.Login.feature is not under the 'features' directory. Requirements report will not be correctly generated!
Jul 04, 2022 12:58:10 PM io.appium.java_client.remote.AppiumCommandExecutor$1 lambda$0
INFO: Detected dialect: W3C
]]></system-err>
  </testcase>
  <testcase name="Log in Scenario #5" classname="Login" time="21.657">
    <system-out><![CDATA[
@LoginScenario
Scenario Outline: Log in Scenario                     &amp#27;[90m# src/test/resources/features/1.Login.feature:20&amp#27;[0m
  &amp#27;[32mGiven &amp#27;[0m&amp#27;[32mI am on the login page&amp#27;[0m                        &amp#27;[90m# project.mobile.steps.LoginSteps.iAmOnTheLoginPage()&amp#27;[0m
  &amp#27;[32mWhen &amp#27;[0m&amp#27;[32mI input &amp#27;[0m&amp#27;[32m&amp#27;[1m"test@gmail.com"&amp#27;[0m&amp#27;[32m email&amp#27;[0m                 &amp#27;[90m# project.mobile.steps.LoginSteps.iInputEmail(java.lang.String)&amp#27;[0m
  &amp#27;[32mAnd &amp#27;[0m&amp#27;[32mI tap show password icon and input &amp#27;[0m&amp#27;[32m&amp#27;[1m""&amp#27;[0m&amp#27;[32m password&amp#27;[0m  &amp#27;[90m# project.mobile.steps.LoginSteps.iTapShowPasswordIconAndInputPassword(java.lang.String)&amp#27;[0m
  &amp#27;[32mAnd &amp#27;[0m&amp#27;[32mI tap hide password icon and tap sign in button&amp#27;[0m &amp#27;[90m# project.mobile.steps.LoginSteps.iTapHidePasswordIconAndTapSignInButton()&amp#27;[0m
  &amp#27;[32mThen &amp#27;[0m&amp#27;[32mI get the &amp#27;[0m&amp#27;[32m&amp#27;[1m"Please enter your password"&amp#27;[0m         &amp#27;[90m# project.mobile.steps.LoginSteps.iGetThe(java.lang.String)&amp#27;[0m
]]></system-out>
    <system-err><![CDATA[[main] INFO io.cucumber.core.plugin.SerenityReporter - Running feature from file:///E:/My%20Documents/File%20Difa/TI%20Semester%206%20Kampus%20Merdeka%20Alterra/Tugas/CAPSTONE%20Project/Capstone-Project-Mobile/src/test/resources/features/1.Login.feature
[main] WARN io.cucumber.core.plugin.SerenityReporter - Feature from file:///E:/My%20Documents/File%20Difa/TI%20Semester%206%20Kampus%20Merdeka%20Alterra/Tugas/CAPSTONE%20Project/Capstone-Project-Mobile/src/test/resources/features/1.Login.feature is not under the 'features' directory. Requirements report will not be correctly generated!
Jul 04, 2022 12:58:33 PM io.appium.java_client.remote.AppiumCommandExecutor$1 lambda$0
INFO: Detected dialect: W3C
]]></system-err>
  </testcase>
  <testcase name="Log in Scenario #6" classname="Login" time="20.1">
    <system-out><![CDATA[
@LoginScenario
Scenario Outline: Log in Scenario                            &amp#27;[90m# src/test/resources/features/1.Login.feature:21&amp#27;[0m
  &amp#27;[32mGiven &amp#27;[0m&amp#27;[32mI am on the login page&amp#27;[0m                               &amp#27;[90m# project.mobile.steps.LoginSteps.iAmOnTheLoginPage()&amp#27;[0m
  &amp#27;[32mWhen &amp#27;[0m&amp#27;[32mI input &amp#27;[0m&amp#27;[32m&amp#27;[1m"test@gmail.com"&amp#27;[0m&amp#27;[32m email&amp#27;[0m                        &amp#27;[90m# project.mobile.steps.LoginSteps.iInputEmail(java.lang.String)&amp#27;[0m
  &amp#27;[32mAnd &amp#27;[0m&amp#27;[32mI tap show password icon and input &amp#27;[0m&amp#27;[32m&amp#27;[1m"Test@123"&amp#27;[0m&amp#27;[32m password&amp#27;[0m &amp#27;[90m# project.mobile.steps.LoginSteps.iTapShowPasswordIconAndInputPassword(java.lang.String)&amp#27;[0m
  &amp#27;[32mAnd &amp#27;[0m&amp#27;[32mI tap hide password icon and tap sign in button&amp#27;[0m        &amp#27;[90m# project.mobile.steps.LoginSteps.iTapHidePasswordIconAndTapSignInButton()&amp#27;[0m
  &amp#27;[32mThen &amp#27;[0m&amp#27;[32mI get the &amp#27;[0m&amp#27;[32m&amp#27;[1m"dashboard page"&amp#27;[0m                            &amp#27;[90m# project.mobile.steps.LoginSteps.iGetThe(java.lang.String)&amp#27;[0m
]]></system-out>
    <system-err><![CDATA[[main] INFO io.cucumber.core.plugin.SerenityReporter - Running feature from file:///E:/My%20Documents/File%20Difa/TI%20Semester%206%20Kampus%20Merdeka%20Alterra/Tugas/CAPSTONE%20Project/Capstone-Project-Mobile/src/test/resources/features/1.Login.feature
[main] WARN io.cucumber.core.plugin.SerenityReporter - Feature from file:///E:/My%20Documents/File%20Difa/TI%20Semester%206%20Kampus%20Merdeka%20Alterra/Tugas/CAPSTONE%20Project/Capstone-Project-Mobile/src/test/resources/features/1.Login.feature is not under the 'features' directory. Requirements report will not be correctly generated!
Jul 04, 2022 12:58:54 PM io.appium.java_client.remote.AppiumCommandExecutor$1 lambda$0
INFO: Detected dialect: W3C
]]></system-err>
  </testcase>
  <testcase name="Log Out Scenario" classname="Login" time="20.443">
    <system-out><![CDATA[
@LogOutScenario
Scenario: Log Out Scenario         &amp#27;[90m# src/test/resources/features/1.Login.feature:25&amp#27;[0m
  &amp#27;[32mGiven &amp#27;[0m&amp#27;[32mI am at the Dashboard page&amp#27;[0m &amp#27;[90m# project.mobile.steps.DashboardSteps.iAmAtTheDashboardPage()&amp#27;[0m
  &amp#27;[32mWhen &amp#27;[0m&amp#27;[32mI click sidebar button&amp#27;[0m      &amp#27;[90m# project.mobile.steps.SidebarSteps.iClickSidebarButton()&amp#27;[0m
  &amp#27;[32mAnd &amp#27;[0m&amp#27;[32mI click logout sidebar menu&amp#27;[0m  &amp#27;[90m# project.mobile.steps.SidebarSteps.iClickLogoutSidebarMenu()&amp#27;[0m
  &amp#27;[32mThen &amp#27;[0m&amp#27;[32mI am on the login page&amp#27;[0m      &amp#27;[90m# project.mobile.steps.LoginSteps.iAmOnTheLoginPage()&amp#27;[0m
  &amp#27;[32mAnd &amp#27;[0m&amp#27;[32mI login again for next test&amp#27;[0m  &amp#27;[90m# project.mobile.steps.LoginSteps.iLoginAgainForNextTest()&amp#27;[0m
]]></system-out>
    <system-err><![CDATA[[main] INFO io.cucumber.core.plugin.SerenityReporter - Running feature from file:///E:/My%20Documents/File%20Difa/TI%20Semester%206%20Kampus%20Merdeka%20Alterra/Tugas/CAPSTONE%20Project/Capstone-Project-Mobile/src/test/resources/features/1.Login.feature
[main] WARN io.cucumber.core.plugin.SerenityReporter - Feature from file:///E:/My%20Documents/File%20Difa/TI%20Semester%206%20Kampus%20Merdeka%20Alterra/Tugas/CAPSTONE%20Project/Capstone-Project-Mobile/src/test/resources/features/1.Login.feature is not under the 'features' directory. Requirements report will not be correctly generated!
[main] INFO  - 
 _____ _____ ____ _____   ____ _____  _    ____ _____ _____ ____  
|_   _| ____/ ___|_   _| / ___|_   _|/ \  |  _ \_   _| ____|  _ \ 
  | | |  _| \___ \ | |   \___ \ | | / _ \ | |_) || | |  _| | | | |
  | | | |___ ___) || |    ___) || |/ ___ \|  _ < | | | |___| |_| |
  |_| |_____|____/ |_|   |____/ |_/_/   \_\_| \_\|_| |_____|____/ 

Log Out Scenario(login;log-out-scenario)
-------------------------------------------------------------------
Jul 04, 2022 12:59:14 PM io.appium.java_client.remote.AppiumCommandExecutor$1 lambda$0
INFO: Detected dialect: W3C
[main] INFO  - 
        __    _____ _____ ____ _____   ____   _    ____  ____  _____ ____  
  _     \ \  |_   _| ____/ ___|_   _| |  _ \ / \  / ___|/ ___|| ____|  _ \ 
 (_)_____| |   | | |  _| \___ \ | |   | |_) / _ \ \___ \\___ \|  _| | | | |
  _|_____| |   | | | |___ ___) || |   |  __/ ___ \ ___) |___) | |___| |_| |
 (_)     | |   |_| |_____|____/ |_|   |_| /_/   \_\____/|____/|_____|____/ 
        /_/                                                                

Log Out Scenario
----------------------------------------------------------------------------
]]></system-err>
  </testcase>
  <testcase name="See Patients Today Detail And Close Page Scenario" classname="Dashboard" time="9.058">
    <system-out><![CDATA[
@SeePatientsTodayDetailAndClosePageScenario
Scenario: See Patients Today Detail And Close Page Scenario &amp#27;[90m# src/test/resources/features/2.Dashboard.feature:8&amp#27;[0m
  &amp#27;[32mGiven &amp#27;[0m&amp#27;[32mI am at the Dashboard page&amp#27;[0m                          &amp#27;[90m# project.mobile.steps.DashboardSteps.iAmAtTheDashboardPage()&amp#27;[0m
  &amp#27;[32mWhen &amp#27;[0m&amp#27;[32mI click > icon on Patients Today list&amp#27;[0m                &amp#27;[90m# project.mobile.steps.DashboardSteps.iClickIconOnPatientsTodayList()&amp#27;[0m
  &amp#27;[32mThen &amp#27;[0m&amp#27;[32mI am on update patient data page&amp#27;[0m                     &amp#27;[90m# project.mobile.steps.DashboardSteps.iAmOnUpdatePatientDataPage()&amp#27;[0m
  &amp#27;[32mAnd &amp#27;[0m&amp#27;[32mI click < icon on Update Patient Data form&amp#27;[0m            &amp#27;[90m# project.mobile.steps.DashboardSteps.iClickIconOnUpdatePatientDataForm()&amp#27;[0m
]]></system-out>
    <system-err><![CDATA[[main] INFO io.cucumber.core.plugin.SerenityReporter - Running feature from file:///E:/My%20Documents/File%20Difa/TI%20Semester%206%20Kampus%20Merdeka%20Alterra/Tugas/CAPSTONE%20Project/Capstone-Project-Mobile/src/test/resources/features/2.Dashboard.feature
[main] WARN io.cucumber.core.plugin.SerenityReporter - Feature from file:///E:/My%20Documents/File%20Difa/TI%20Semester%206%20Kampus%20Merdeka%20Alterra/Tugas/CAPSTONE%20Project/Capstone-Project-Mobile/src/test/resources/features/2.Dashboard.feature is not under the 'features' directory. Requirements report will not be correctly generated!
[main] INFO  - 
 _____ _____ ____ _____   ____ _____  _    ____ _____ _____ ____  
|_   _| ____/ ___|_   _| / ___|_   _|/ \  |  _ \_   _| ____|  _ \ 
  | | |  _| \___ \ | |   \___ \ | | / _ \ | |_) || | |  _| | | | |
  | | | |___ ___) || |    ___) || |/ ___ \|  _ < | | | |___| |_| |
  |_| |_____|____/ |_|   |____/ |_/_/   \_\_| \_\|_| |_____|____/ 

See Patients Today Detail And Close Page Scenario(dashboard;see-patients-today-detail-and-close-page-scenario)
-------------------------------------------------------------------
Jul 04, 2022 12:59:34 PM io.appium.java_client.remote.AppiumCommandExecutor$1 lambda$0
INFO: Detected dialect: W3C
[main] INFO  - 
        __    _____ _____ ____ _____   ____   _    ____  ____  _____ ____  
  _     \ \  |_   _| ____/ ___|_   _| |  _ \ / \  / ___|/ ___|| ____|  _ \ 
 (_)_____| |   | | |  _| \___ \ | |   | |_) / _ \ \___ \\___ \|  _| | | | |
  _|_____| |   | | | |___ ___) || |   |  __/ ___ \ ___) |___) | |___| |_| |
 (_)     | |   |_| |_____|____/ |_|   |_| /_/   \_\____/|____/|_____|____/ 
        /_/                                                                

See Patients Today Detail And Close Page Scenario
----------------------------------------------------------------------------
]]></system-err>
  </testcase>
  <testcase name="See More Patients Today Page And Close Page Scenario" classname="Dashboard" time="10.146">
    <system-out><![CDATA[
@SeeMorePatientsTodayPageAndClosePageScenario
Scenario: See More Patients Today Page And Close Page Scenario &amp#27;[90m# src/test/resources/features/2.Dashboard.feature:16&amp#27;[0m
  &amp#27;[32mGiven &amp#27;[0m&amp#27;[32mI am at the Dashboard page&amp#27;[0m                             &amp#27;[90m# project.mobile.steps.DashboardSteps.iAmAtTheDashboardPage()&amp#27;[0m
  &amp#27;[32mWhen &amp#27;[0m&amp#27;[32mI click see more > button on Patients Today&amp#27;[0m             &amp#27;[90m# project.mobile.steps.DashboardSteps.iClickSeeMoreButtonOnPatientsToday()&amp#27;[0m
  &amp#27;[32mThen &amp#27;[0m&amp#27;[32mI am on patient page&amp#27;[0m                                    &amp#27;[90m# project.mobile.steps.DashboardSteps.iAmOnPatientPage()&amp#27;[0m
  &amp#27;[32mAnd &amp#27;[0m&amp#27;[32mI click < icon on Patient Page&amp#27;[0m                           &amp#27;[90m# project.mobile.steps.DashboardSteps.iClickIconOnPatientPage()&amp#27;[0m
]]></system-out>
    <system-err><![CDATA[[main] INFO io.cucumber.core.plugin.SerenityReporter - Running feature from file:///E:/My%20Documents/File%20Difa/TI%20Semester%206%20Kampus%20Merdeka%20Alterra/Tugas/CAPSTONE%20Project/Capstone-Project-Mobile/src/test/resources/features/2.Dashboard.feature
[main] WARN io.cucumber.core.plugin.SerenityReporter - Feature from file:///E:/My%20Documents/File%20Difa/TI%20Semester%206%20Kampus%20Merdeka%20Alterra/Tugas/CAPSTONE%20Project/Capstone-Project-Mobile/src/test/resources/features/2.Dashboard.feature is not under the 'features' directory. Requirements report will not be correctly generated!
[main] INFO  - 
 _____ _____ ____ _____   ____ _____  _    ____ _____ _____ ____  
|_   _| ____/ ___|_   _| / ___|_   _|/ \  |  _ \_   _| ____|  _ \ 
  | | |  _| \___ \ | |   \___ \ | | / _ \ | |_) || | |  _| | | | |
  | | | |___ ___) || |    ___) || |/ ___ \|  _ < | | | |___| |_| |
  |_| |_____|____/ |_|   |____/ |_/_/   \_\_| \_\|_| |_____|____/ 

See More Patients Today Page And Close Page Scenario(dashboard;see-more-patients-today-page-and-close-page-scenario)
-------------------------------------------------------------------
Jul 04, 2022 12:59:45 PM io.appium.java_client.remote.AppiumCommandExecutor$1 lambda$0
INFO: Detected dialect: W3C
[main] INFO  - 
        __    _____ _____ ____ _____   ____   _    ____  ____  _____ ____  
  _     \ \  |_   _| ____/ ___|_   _| |  _ \ / \  / ___|/ ___|| ____|  _ \ 
 (_)_____| |   | | |  _| \___ \ | |   | |_) / _ \ \___ \\___ \|  _| | | | |
  _|_____| |   | | | |___ ___) || |   |  __/ ___ \ ___) |___) | |___| |_| |
 (_)     | |   |_| |_____|____/ |_|   |_| /_/   \_\____/|____/|_____|____/ 
        /_/                                                                

See More Patients Today Page And Close Page Scenario
----------------------------------------------------------------------------
]]></system-err>
  </testcase>
  <testcase name="See Finished Consultation Detail And Close Page Scenario" classname="Dashboard" time="10.792">
    <system-out><![CDATA[
@SeeFinishedConsultationDetailAndClosePageScenario
Scenario: See Finished Consultation Detail And Close Page Scenario &amp#27;[90m# src/test/resources/features/2.Dashboard.feature:24&amp#27;[0m
  &amp#27;[32mGiven &amp#27;[0m&amp#27;[32mI am at the Dashboard page&amp#27;[0m                                 &amp#27;[90m# project.mobile.steps.DashboardSteps.iAmAtTheDashboardPage()&amp#27;[0m
  &amp#27;[32mWhen &amp#27;[0m&amp#27;[32mI click > icon on Finished Patients list&amp#27;[0m                    &amp#27;[90m# project.mobile.steps.DashboardSteps.iClickIconOnFinishedPatientsList()&amp#27;[0m
  &amp#27;[32mThen &amp#27;[0m&amp#27;[32mI am on Finished Patients Data page&amp#27;[0m                         &amp#27;[90m# project.mobile.steps.DashboardSteps.iAmOnFinishedPatientsDataPage()&amp#27;[0m
  &amp#27;[32mAnd &amp#27;[0m&amp#27;[32mI click < icon on Finished Patients Data form&amp#27;[0m                &amp#27;[90m# project.mobile.steps.DashboardSteps.iClickIconOnFinishedPatientsDataForm()&amp#27;[0m
]]></system-out>
    <system-err><![CDATA[[main] INFO io.cucumber.core.plugin.SerenityReporter - Running feature from file:///E:/My%20Documents/File%20Difa/TI%20Semester%206%20Kampus%20Merdeka%20Alterra/Tugas/CAPSTONE%20Project/Capstone-Project-Mobile/src/test/resources/features/2.Dashboard.feature
[main] WARN io.cucumber.core.plugin.SerenityReporter - Feature from file:///E:/My%20Documents/File%20Difa/TI%20Semester%206%20Kampus%20Merdeka%20Alterra/Tugas/CAPSTONE%20Project/Capstone-Project-Mobile/src/test/resources/features/2.Dashboard.feature is not under the 'features' directory. Requirements report will not be correctly generated!
[main] INFO  - 
 _____ _____ ____ _____   ____ _____  _    ____ _____ _____ ____  
|_   _| ____/ ___|_   _| / ___|_   _|/ \  |  _ \_   _| ____|  _ \ 
  | | |  _| \___ \ | |   \___ \ | | / _ \ | |_) || | |  _| | | | |
  | | | |___ ___) || |    ___) || |/ ___ \|  _ < | | | |___| |_| |
  |_| |_____|____/ |_|   |____/ |_/_/   \_\_| \_\|_| |_____|____/ 

See Finished Consultation Detail And Close Page Scenario(dashboard;see-finished-consultation-detail-and-close-page-scenario)
-------------------------------------------------------------------
Jul 04, 2022 12:59:55 PM io.appium.java_client.remote.AppiumCommandExecutor$1 lambda$0
INFO: Detected dialect: W3C
[main] INFO  - 
        __    _____ _____ ____ _____   ____   _    ____  ____  _____ ____  
  _     \ \  |_   _| ____/ ___|_   _| |  _ \ / \  / ___|/ ___|| ____|  _ \ 
 (_)_____| |   | | |  _| \___ \ | |   | |_) / _ \ \___ \\___ \|  _| | | | |
  _|_____| |   | | | |___ ___) || |   |  __/ ___ \ ___) |___) | |___| |_| |
 (_)     | |   |_| |_____|____/ |_|   |_| /_/   \_\____/|____/|_____|____/ 
        /_/                                                                

See Finished Consultation Detail And Close Page Scenario
----------------------------------------------------------------------------
]]></system-err>
  </testcase>
  <testcase name="See More Finished Consultation Page And Close Page Scenario" classname="Dashboard" time="9.866">
    <system-out><![CDATA[
@SeeMoreFinishedConsultationPageAndClosePageScenario
Scenario: See More Finished Consultation Page And Close Page Scenario &amp#27;[90m# src/test/resources/features/2.Dashboard.feature:32&amp#27;[0m
  &amp#27;[32mGiven &amp#27;[0m&amp#27;[32mI am at the Dashboard page&amp#27;[0m                                    &amp#27;[90m# project.mobile.steps.DashboardSteps.iAmAtTheDashboardPage()&amp#27;[0m
  &amp#27;[32mWhen &amp#27;[0m&amp#27;[32mI click see more > button on Finished Consultation&amp#27;[0m             &amp#27;[90m# project.mobile.steps.DashboardSteps.iClickSeeMoreButtonOnFinishedConsultation()&amp#27;[0m
  &amp#27;[32mThen &amp#27;[0m&amp#27;[32mI am on Finished Consultation Patient page&amp#27;[0m                     &amp#27;[90m# project.mobile.steps.DashboardSteps.iAmOnFinishedConsultationPatientPage()&amp#27;[0m
  &amp#27;[32mAnd &amp#27;[0m&amp#27;[32mI click < icon on Finished Consultation Patient Page&amp#27;[0m            &amp#27;[90m# project.mobile.steps.DashboardSteps.iClickIconOnFinishedConsultationPatientPage()&amp#27;[0m
]]></system-out>
    <system-err><![CDATA[[main] INFO io.cucumber.core.plugin.SerenityReporter - Running feature from file:///E:/My%20Documents/File%20Difa/TI%20Semester%206%20Kampus%20Merdeka%20Alterra/Tugas/CAPSTONE%20Project/Capstone-Project-Mobile/src/test/resources/features/2.Dashboard.feature
[main] WARN io.cucumber.core.plugin.SerenityReporter - Feature from file:///E:/My%20Documents/File%20Difa/TI%20Semester%206%20Kampus%20Merdeka%20Alterra/Tugas/CAPSTONE%20Project/Capstone-Project-Mobile/src/test/resources/features/2.Dashboard.feature is not under the 'features' directory. Requirements report will not be correctly generated!
[main] INFO  - 
 _____ _____ ____ _____   ____ _____  _    ____ _____ _____ ____  
|_   _| ____/ ___|_   _| / ___|_   _|/ \  |  _ \_   _| ____|  _ \ 
  | | |  _| \___ \ | |   \___ \ | | / _ \ | |_) || | |  _| | | | |
  | | | |___ ___) || |    ___) || |/ ___ \|  _ < | | | |___| |_| |
  |_| |_____|____/ |_|   |____/ |_/_/   \_\_| \_\|_| |_____|____/ 

See More Finished Consultation Page And Close Page Scenario(dashboard;see-more-finished-consultation-page-and-close-page-scenario)
-------------------------------------------------------------------
Jul 04, 2022 1:00:04 PM io.appium.java_client.remote.AppiumCommandExecutor$1 lambda$0
INFO: Detected dialect: W3C
[main] INFO  - 
        __    _____ _____ ____ _____   ____   _    ____  ____  _____ ____  
  _     \ \  |_   _| ____/ ___|_   _| |  _ \ / \  / ___|/ ___|| ____|  _ \ 
 (_)_____| |   | | |  _| \___ \ | |   | |_) / _ \ \___ \\___ \|  _| | | | |
  _|_____| |   | | | |___ ___) || |   |  __/ ___ \ ___) |___) | |___| |_| |
 (_)     | |   |_| |_____|____/ |_|   |_| /_/   \_\____/|____/|_____|____/ 
        /_/                                                                

See More Finished Consultation Page And Close Page Scenario
----------------------------------------------------------------------------
]]></system-err>
  </testcase>
  <testcase name="Validate Date On Dashboard Page Scenario" classname="Dashboard" time="7.573">
    <system-out><![CDATA[
@ValidateDateOnDashboardPageScenario
Scenario: Validate Date On Dashboard Page Scenario  &amp#27;[90m# src/test/resources/features/2.Dashboard.feature:40&amp#27;[0m
  &amp#27;[32mGiven &amp#27;[0m&amp#27;[32mI am at the Dashboard page&amp#27;[0m                  &amp#27;[90m# project.mobile.steps.DashboardSteps.iAmAtTheDashboardPage()&amp#27;[0m
  &amp#27;[32mThen &amp#27;[0m&amp#27;[32mI validate date on dashboard page is correct&amp#27;[0m &amp#27;[90m# project.mobile.steps.DashboardSteps.iValidateDateOnDashboardPageIsCorrect()&amp#27;[0m
]]></system-out>
    <system-err><![CDATA[[main] INFO io.cucumber.core.plugin.SerenityReporter - Running feature from file:///E:/My%20Documents/File%20Difa/TI%20Semester%206%20Kampus%20Merdeka%20Alterra/Tugas/CAPSTONE%20Project/Capstone-Project-Mobile/src/test/resources/features/2.Dashboard.feature
[main] WARN io.cucumber.core.plugin.SerenityReporter - Feature from file:///E:/My%20Documents/File%20Difa/TI%20Semester%206%20Kampus%20Merdeka%20Alterra/Tugas/CAPSTONE%20Project/Capstone-Project-Mobile/src/test/resources/features/2.Dashboard.feature is not under the 'features' directory. Requirements report will not be correctly generated!
[main] INFO  - 
 _____ _____ ____ _____   ____ _____  _    ____ _____ _____ ____  
|_   _| ____/ ___|_   _| / ___|_   _|/ \  |  _ \_   _| ____|  _ \ 
  | | |  _| \___ \ | |   \___ \ | | / _ \ | |_) || | |  _| | | | |
  | | | |___ ___) || |    ___) || |/ ___ \|  _ < | | | |___| |_| |
  |_| |_____|____/ |_|   |____/ |_/_/   \_\_| \_\|_| |_____|____/ 

Validate Date On Dashboard Page Scenario(dashboard;validate-date-on-dashboard-page-scenario)
-------------------------------------------------------------------
Jul 04, 2022 1:00:14 PM io.appium.java_client.remote.AppiumCommandExecutor$1 lambda$0
INFO: Detected dialect: W3C
[main] INFO  - 
        __    _____ _____ ____ _____   ____   _    ____  ____  _____ ____  
  _     \ \  |_   _| ____/ ___|_   _| |  _ \ / \  / ___|/ ___|| ____|  _ \ 
 (_)_____| |   | | |  _| \___ \ | |   | |_) / _ \ \___ \\___ \|  _| | | | |
  _|_____| |   | | | |___ ___) || |   |  __/ ___ \ ___) |___) | |___| |_| |
 (_)     | |   |_| |_____|____/ |_|   |_| /_/   \_\____/|____/|_____|____/ 
        /_/                                                                

Validate Date On Dashboard Page Scenario
----------------------------------------------------------------------------
]]></system-err>
  </testcase>
  <testcase name="Tap The Back Icon On The Patient Page Scenario" classname="Patient" time="11.775">
    <system-out><![CDATA[
@TapTheBackIconOnThePatientPageScenario
Scenario: Tap The Back Icon On The Patient Page Scenario &amp#27;[90m# src/test/resources/features/3.Patient.feature:8&amp#27;[0m
  &amp#27;[32mGiven &amp#27;[0m&amp#27;[32mI am on the Dashboard page&amp#27;[0m                       &amp#27;[90m# project.mobile.steps.PatientSteps.iAmOnTheDashboardPage()&amp#27;[0m
  &amp#27;[32mWhen &amp#27;[0m&amp#27;[32mI click the sidebar button&amp#27;[0m                        &amp#27;[90m# project.mobile.steps.PatientSteps.iClickTheSidebarButton()&amp#27;[0m
  &amp#27;[32mAnd &amp#27;[0m&amp#27;[32mI click patient sidebar menu&amp#27;[0m                       &amp#27;[90m# project.mobile.steps.PatientSteps.iClickPatientSidebarMenu()&amp#27;[0m
  &amp#27;[32mAnd &amp#27;[0m&amp#27;[32mI click back button on patient page&amp#27;[0m                &amp#27;[90m# project.mobile.steps.PatientSteps.iClickBackButtonOnPatientPage()&amp#27;[0m
  &amp#27;[32mThen &amp#27;[0m&amp#27;[32mI am back to Dashboard page&amp#27;[0m                       &amp#27;[90m# project.mobile.steps.PatientSteps.iAmBackToDashboardPage()&amp#27;[0m
]]></system-out>
    <system-err><![CDATA[[main] INFO io.cucumber.core.plugin.SerenityReporter - Running feature from file:///E:/My%20Documents/File%20Difa/TI%20Semester%206%20Kampus%20Merdeka%20Alterra/Tugas/CAPSTONE%20Project/Capstone-Project-Mobile/src/test/resources/features/3.Patient.feature
[main] WARN io.cucumber.core.plugin.SerenityReporter - Feature from file:///E:/My%20Documents/File%20Difa/TI%20Semester%206%20Kampus%20Merdeka%20Alterra/Tugas/CAPSTONE%20Project/Capstone-Project-Mobile/src/test/resources/features/3.Patient.feature is not under the 'features' directory. Requirements report will not be correctly generated!
[main] INFO  - 
 _____ _____ ____ _____   ____ _____  _    ____ _____ _____ ____  
|_   _| ____/ ___|_   _| / ___|_   _|/ \  |  _ \_   _| ____|  _ \ 
  | | |  _| \___ \ | |   \___ \ | | / _ \ | |_) || | |  _| | | | |
  | | | |___ ___) || |    ___) || |/ ___ \|  _ < | | | |___| |_| |
  |_| |_____|____/ |_|   |____/ |_/_/   \_\_| \_\|_| |_____|____/ 

Tap The Back Icon On The Patient Page Scenario(patient;tap-the-back-icon-on-the-patient-page-scenario)
-------------------------------------------------------------------
Jul 04, 2022 1:00:22 PM io.appium.java_client.remote.AppiumCommandExecutor$1 lambda$0
INFO: Detected dialect: W3C
[main] INFO  - 
        __    _____ _____ ____ _____   ____   _    ____  ____  _____ ____  
  _     \ \  |_   _| ____/ ___|_   _| |  _ \ / \  / ___|/ ___|| ____|  _ \ 
 (_)_____| |   | | |  _| \___ \ | |   | |_) / _ \ \___ \\___ \|  _| | | | |
  _|_____| |   | | | |___ ___) || |   |  __/ ___ \ ___) |___) | |___| |_| |
 (_)     | |   |_| |_____|____/ |_|   |_| /_/   \_\____/|____/|_____|____/ 
        /_/                                                                

Tap The Back Icon On The Patient Page Scenario
----------------------------------------------------------------------------
]]></system-err>
  </testcase>
  <testcase name="See Update Patient Data Page Scenario" classname="Patient" time="18.936">
    <system-out><![CDATA[
@SeeUpdatePatientDataPageScenario
Scenario: See Update Patient Data Page Scenario &amp#27;[90m# src/test/resources/features/3.Patient.feature:17&amp#27;[0m
  &amp#27;[32mGiven &amp#27;[0m&amp#27;[32mI am on the Dashboard page&amp#27;[0m              &amp#27;[90m# project.mobile.steps.PatientSteps.iAmOnTheDashboardPage()&amp#27;[0m
  &amp#27;[32mWhen &amp#27;[0m&amp#27;[32mI click the sidebar button&amp#27;[0m               &amp#27;[90m# project.mobile.steps.PatientSteps.iClickTheSidebarButton()&amp#27;[0m
  &amp#27;[32mAnd &amp#27;[0m&amp#27;[32mI click patient sidebar menu&amp#27;[0m              &amp#27;[90m# project.mobile.steps.PatientSteps.iClickPatientSidebarMenu()&amp#27;[0m
  &amp#27;[32mAnd &amp#27;[0m&amp#27;[32mI tap the > icon on Patient Page patient&amp#27;[0m  &amp#27;[90m# project.mobile.steps.PatientSteps.iTapTheIconOnPatientPagePatient()&amp#27;[0m
  &amp#27;[32mThen &amp#27;[0m&amp#27;[32mI am on the Update Patient Data page&amp#27;[0m     &amp#27;[90m# project.mobile.steps.PatientSteps.iAmOnTheUpdatePatientDataPage()&amp#27;[0m
]]></system-out>
    <system-err><![CDATA[[main] INFO io.cucumber.core.plugin.SerenityReporter - Running feature from file:///E:/My%20Documents/File%20Difa/TI%20Semester%206%20Kampus%20Merdeka%20Alterra/Tugas/CAPSTONE%20Project/Capstone-Project-Mobile/src/test/resources/features/3.Patient.feature
[main] WARN io.cucumber.core.plugin.SerenityReporter - Feature from file:///E:/My%20Documents/File%20Difa/TI%20Semester%206%20Kampus%20Merdeka%20Alterra/Tugas/CAPSTONE%20Project/Capstone-Project-Mobile/src/test/resources/features/3.Patient.feature is not under the 'features' directory. Requirements report will not be correctly generated!
[main] INFO  - 
 _____ _____ ____ _____   ____ _____  _    ____ _____ _____ ____  
|_   _| ____/ ___|_   _| / ___|_   _|/ \  |  _ \_   _| ____|  _ \ 
  | | |  _| \___ \ | |   \___ \ | | / _ \ | |_) || | |  _| | | | |
  | | | |___ ___) || |    ___) || |/ ___ \|  _ < | | | |___| |_| |
  |_| |_____|____/ |_|   |____/ |_/_/   \_\_| \_\|_| |_____|____/ 

See Update Patient Data Page Scenario(patient;see-update-patient-data-page-scenario)
-------------------------------------------------------------------
Jul 04, 2022 1:00:34 PM io.appium.java_client.remote.AppiumCommandExecutor$1 lambda$0
INFO: Detected dialect: W3C
[main] INFO  - 
        __    _____ _____ ____ _____   ____   _    ____  ____  _____ ____  
  _     \ \  |_   _| ____/ ___|_   _| |  _ \ / \  / ___|/ ___|| ____|  _ \ 
 (_)_____| |   | | |  _| \___ \ | |   | |_) / _ \ \___ \\___ \|  _| | | | |
  _|_____| |   | | | |___ ___) || |   |  __/ ___ \ ___) |___) | |___| |_| |
 (_)     | |   |_| |_____|____/ |_|   |_| /_/   \_\____/|____/|_____|____/ 
        /_/                                                                

See Update Patient Data Page Scenario
----------------------------------------------------------------------------
]]></system-err>
  </testcase>
  <testcase name="Sidebar Scenario #1" classname="Sidebar" time="9.857">
    <system-out><![CDATA[
@SidebarScenario
Scenario Outline: Sidebar Scenario     &amp#27;[90m# src/test/resources/features/4.Sidebar.feature:15&amp#27;[0m
  &amp#27;[32mGiven &amp#27;[0m&amp#27;[32mI am on Dashboard page&amp#27;[0m         &amp#27;[90m# project.mobile.steps.SidebarSteps.iAmOnDashboardPage()&amp#27;[0m
  &amp#27;[32mWhen &amp#27;[0m&amp#27;[32mI click sidebar button&amp#27;[0m          &amp#27;[90m# project.mobile.steps.SidebarSteps.iClickSidebarButton()&amp#27;[0m
  &amp#27;[32mAnd &amp#27;[0m&amp#27;[32mI click &amp#27;[0m&amp#27;[32m&amp#27;[1m"dashboard"&amp#27;[0m&amp#27;[32m menu&amp#27;[0m         &amp#27;[90m# project.mobile.steps.SidebarSteps.iClickMenu(java.lang.String)&amp#27;[0m
  &amp#27;[32mThen &amp#27;[0m&amp#27;[32mI get the &amp#27;[0m&amp#27;[32m&amp#27;[1m"dashboard page"&amp#27;[0m&amp#27;[32m page&amp#27;[0m &amp#27;[90m# project.mobile.steps.SidebarSteps.iGetThePage(java.lang.String)&amp#27;[0m
]]></system-out>
    <system-err><![CDATA[[main] INFO io.cucumber.core.plugin.SerenityReporter - Running feature from file:///E:/My%20Documents/File%20Difa/TI%20Semester%206%20Kampus%20Merdeka%20Alterra/Tugas/CAPSTONE%20Project/Capstone-Project-Mobile/src/test/resources/features/4.Sidebar.feature
[main] WARN io.cucumber.core.plugin.SerenityReporter - Feature from file:///E:/My%20Documents/File%20Difa/TI%20Semester%206%20Kampus%20Merdeka%20Alterra/Tugas/CAPSTONE%20Project/Capstone-Project-Mobile/src/test/resources/features/4.Sidebar.feature is not under the 'features' directory. Requirements report will not be correctly generated!
[main] INFO  - 
 _____ _____ ____ _____   ____ _____  _    ____ _____ _____ ____  
|_   _| ____/ ___|_   _| / ___|_   _|/ \  |  _ \_   _| ____|  _ \ 
  | | |  _| \___ \ | |   \___ \ | | / _ \ | |_) || | |  _| | | | |
  | | | |___ ___) || |    ___) || |/ ___ \|  _ < | | | |___| |_| |
  |_| |_____|____/ |_|   |____/ |_/_/   \_\_| \_\|_| |_____|____/ 

Sidebar Scenario(sidebar;sidebar-scenario)
-------------------------------------------------------------------
Jul 04, 2022 1:00:53 PM io.appium.java_client.remote.AppiumCommandExecutor$1 lambda$0
INFO: Detected dialect: W3C
[main] INFO  - 
        __    _____ _____ ____ _____   ____   _    ____  ____  _____ ____  
  _     \ \  |_   _| ____/ ___|_   _| |  _ \ / \  / ___|/ ___|| ____|  _ \ 
 (_)_____| |   | | |  _| \___ \ | |   | |_) / _ \ \___ \\___ \|  _| | | | |
  _|_____| |   | | | |___ ___) || |   |  __/ ___ \ ___) |___) | |___| |_| |
 (_)     | |   |_| |_____|____/ |_|   |_| /_/   \_\____/|____/|_____|____/ 
        /_/                                                                

Sidebar Scenario
----------------------------------------------------------------------------
]]></system-err>
  </testcase>
  <testcase name="Sidebar Scenario #2" classname="Sidebar" time="10.671">
    <system-out><![CDATA[
@SidebarScenario
Scenario Outline: Sidebar Scenario   &amp#27;[90m# src/test/resources/features/4.Sidebar.feature:16&amp#27;[0m
  &amp#27;[32mGiven &amp#27;[0m&amp#27;[32mI am on Dashboard page&amp#27;[0m       &amp#27;[90m# project.mobile.steps.SidebarSteps.iAmOnDashboardPage()&amp#27;[0m
  &amp#27;[32mWhen &amp#27;[0m&amp#27;[32mI click sidebar button&amp#27;[0m        &amp#27;[90m# project.mobile.steps.SidebarSteps.iClickSidebarButton()&amp#27;[0m
  &amp#27;[32mAnd &amp#27;[0m&amp#27;[32mI click &amp#27;[0m&amp#27;[32m&amp#27;[1m"patient"&amp#27;[0m&amp#27;[32m menu&amp#27;[0m         &amp#27;[90m# project.mobile.steps.SidebarSteps.iClickMenu(java.lang.String)&amp#27;[0m
  &amp#27;[32mThen &amp#27;[0m&amp#27;[32mI get the &amp#27;[0m&amp#27;[32m&amp#27;[1m"patient page"&amp#27;[0m&amp#27;[32m page&amp#27;[0m &amp#27;[90m# project.mobile.steps.SidebarSteps.iGetThePage(java.lang.String)&amp#27;[0m
]]></system-out>
    <system-err><![CDATA[[main] INFO io.cucumber.core.plugin.SerenityReporter - Running feature from file:///E:/My%20Documents/File%20Difa/TI%20Semester%206%20Kampus%20Merdeka%20Alterra/Tugas/CAPSTONE%20Project/Capstone-Project-Mobile/src/test/resources/features/4.Sidebar.feature
[main] WARN io.cucumber.core.plugin.SerenityReporter - Feature from file:///E:/My%20Documents/File%20Difa/TI%20Semester%206%20Kampus%20Merdeka%20Alterra/Tugas/CAPSTONE%20Project/Capstone-Project-Mobile/src/test/resources/features/4.Sidebar.feature is not under the 'features' directory. Requirements report will not be correctly generated!
Jul 04, 2022 1:01:02 PM io.appium.java_client.remote.AppiumCommandExecutor$1 lambda$0
INFO: Detected dialect: W3C
[main] INFO  - 
        __    _____ _____ ____ _____   ____   _    ____  ____  _____ ____  
  _     \ \  |_   _| ____/ ___|_   _| |  _ \ / \  / ___|/ ___|| ____|  _ \ 
 (_)_____| |   | | |  _| \___ \ | |   | |_) / _ \ \___ \\___ \|  _| | | | |
  _|_____| |   | | | |___ ___) || |   |  __/ ___ \ ___) |___) | |___| |_| |
 (_)     | |   |_| |_____|____/ |_|   |_| /_/   \_\____/|____/|_____|____/ 
        /_/                                                                

Sidebar Scenario
----------------------------------------------------------------------------
]]></system-err>
  </testcase>
</testsuite>