<?xml version="1.0" encoding="UTF-8"?>
<testsuite xmlns:xsi="http://www.w3.org/2001/XMLSchema-instance" xsi:noNamespaceSchemaLocation="https://maven.apache.org/surefire/maven-failsafe-plugin/xsd/failsafe-test-report-3.0.xsd" version="3.0" name="CucumberTestSuite" time="244.264" tests="1" errors="0" skipped="0" failures="0">
  <properties>
[...]
</properties>
  <testcase name="Click Doctors Button Scenario" classname="Dashboard" time="215.397">
    <system-out><![CDATA[11:55:31.012 [main] INFO io.cucumber.core.plugin.SerenityReporter - Running feature from file:///E:/My%20Documents/File%20Difa/TI%20Semester%206%20Kampus%20Merdeka%20Alterra/Tugas/CAPSTONE%20Project/Capstone-Project-Website/src/test/resources/features/1.Dashboard.feature
11:55:31.964 [main] INFO  - 

-------------------------------------------------------------------------------------
     _______. _______ .______       _______ .__   __.  __  .___________.____    ____ 
    /       ||   ____||   _  \     |   ____||  \ |  | |  | |           |\   \  /   / 
   |   (----`|  |__   |  |_)  |    |  |__   |   \|  | |  | `---|  |----` \   \/   /  
    \   \    |   __|  |      /     |   __|  |  . `  | |  |     |  |       \_    _/   
.----)   |   |  |____ |  |\  \----.|  |____ |  |\   | |  |     |  |         |  |     
|_______/    |_______|| _| `._____||_______||__| \__| |__|     |__|         |__|    
                                                                                     
 News and tutorials at http://www.serenity-bdd.info                                  
 Documentation at https://wakaleo.gitbooks.io/the-serenity-book/content/             
 Join the Serenity Community on Gitter: https://gitter.im/serenity-bdd/serenity-core 
 Serenity BDD Support and Training at http://serenity-bdd.info/#/trainingandsupport  
-------------------------------------------------------------------------------------

11:55:31.974 [main] DEBUG net.thucydides.core.steps.StepEventBus - Test suite started for story net.thucydides.core.model.Story@5713a0eb
11:55:31.998 [main] INFO  - Test Suite Started: Dashboard
11:55:32.150 [main] INFO io.cucumber.core.plugin.SerenityReporter - Running feature from file:///E:/My%20Documents/File%20Difa/TI%20Semester%206%20Kampus%20Merdeka%20Alterra/Tugas/CAPSTONE%20Project/Capstone-Project-Website/src/test/resources/features/2.Appointment.feature
11:55:32.211 [main] DEBUG net.thucydides.core.steps.StepEventBus - Test suite started for story net.thucydides.core.model.Story@5762300c
11:55:32.214 [main] INFO  - Test Suite Started: Appointment
11:55:32.215 [main] INFO io.cucumber.core.plugin.SerenityReporter - Running feature from file:///E:/My%20Documents/File%20Difa/TI%20Semester%206%20Kampus%20Merdeka%20Alterra/Tugas/CAPSTONE%20Project/Capstone-Project-Website/src/test/resources/features/3.Patient.feature
11:55:32.256 [main] DEBUG net.thucydides.core.steps.StepEventBus - Test suite started for story net.thucydides.core.model.Story@1d70e6cd
11:55:32.259 [main] INFO  - Test Suite Started: Patient
11:55:32.260 [main] INFO io.cucumber.core.plugin.SerenityReporter - Running feature from file:///E:/My%20Documents/File%20Difa/TI%20Semester%206%20Kampus%20Merdeka%20Alterra/Tugas/CAPSTONE%20Project/Capstone-Project-Website/src/test/resources/features/4.Doctor.feature
11:55:32.302 [main] DEBUG net.thucydides.core.steps.StepEventBus - Test suite started for story net.thucydides.core.model.Story@a1881502
11:55:32.304 [main] INFO  - Test Suite Started: Doctor
11:55:32.306 [main] INFO io.cucumber.core.plugin.SerenityReporter - Running feature from file:///E:/My%20Documents/File%20Difa/TI%20Semester%206%20Kampus%20Merdeka%20Alterra/Tugas/CAPSTONE%20Project/Capstone-Project-Website/src/test/resources/features/1.Dashboard.feature
11:55:32.317 [main] DEBUG net.thucydides.core.steps.StepEventBus - Test suite started for story net.thucydides.core.model.Story@5713a0eb
11:55:32.319 [main] INFO  - Test Suite Started: Dashboard

@Dashboard @ClickDoctorsButton
Scenario: Click Doctors Button Scenario &amp#27;[90m# src/test/resources/features/1.Dashboard.feature:15&amp#27;[0m
11:55:32.979 [main] INFO io.cucumber.core.plugin.SerenityReporter - Running feature from file:///E:/My%20Documents/File%20Difa/TI%20Semester%206%20Kampus%20Merdeka%20Alterra/Tugas/CAPSTONE%20Project/Capstone-Project-Website/src/test/resources/features/1.Dashboard.feature
11:55:33.665 [main] INFO  - 
  _____   ___   ___   _____     ___   _____     _     ___   _____   ___   ___  
 |_   _| | __| / __| |_   _|   / __| |_   _|   /_\   | _ \ |_   _| | __| |   \ 
   | |   | _|  \__ \   | |     \__ \   | |    / _ \  |   /   | |   | _|  | |) |
   |_|   |___| |___/   |_|     |___/   |_|   /_/ \_\ |_|_\   |_|   |___| |___/ 

Click Doctors Button Scenario(dashboard;click-doctors-button-scenario)
--------------------------------------------------------------------------------
11:55:37.697 [main] DEBUG net.thucydides.core.steps.StepInterceptor - STARTING STEP: DashboardSteps.iAmOnTheDashboardPage - openUrl
11:55:37.871 [main] INFO net.serenitybdd.core.webdriver.driverproviders.ChromeDriverProvider - Using automatically driver download
11:55:42.109 [main] DEBUG io.github.bonigarcia.wdm.cache.ResolutionCache - Resolution chrome=102 in cache (valid until 12:35:08 23/06/2022 ICT)
11:55:42.137 [main] DEBUG io.github.bonigarcia.wdm.cache.ResolutionCache - Resolution chrome102=102.0.5005.61 in cache (valid until 19:24:42 23/06/2022 ICT)
11:55:42.152 [main] INFO io.github.bonigarcia.wdm.WebDriverManager - Using chromedriver 102.0.5005.61 (resolved driver for Chrome 102)
11:55:42.240 [main] DEBUG io.github.bonigarcia.wdm.WebDriverManager - Driver chromedriver 102.0.5005.61 found in cache
11:55:42.246 [main] INFO io.github.bonigarcia.wdm.WebDriverManager - Exporting webdriver.chrome.driver as C:\Users\USER\.cache\selenium\chromedriver\win32\102.0.5005.61\chromedriver.exe
11:55:53.070 [main] DEBUG net.thucydides.core.reflection.ClassFinder - Could not load class .CucumberTestSuite
11:55:53.071 [main] DEBUG net.thucydides.core.reflection.ClassFinder - Could not load class .Utils.General
11:55:53.071 [main] DEBUG net.thucydides.core.reflection.ClassFinder - Could not load class .starter.pages.AppointmentPage
11:55:53.072 [main] DEBUG net.thucydides.core.reflection.ClassFinder - Could not load class .starter.pages.DashboardPage
11:55:53.073 [main] DEBUG net.thucydides.core.reflection.ClassFinder - Could not load class .starter.pages.DoctorPage
11:55:53.073 [main] DEBUG net.thucydides.core.reflection.ClassFinder - Could not load class .starter.pages.PatientPage
11:55:53.074 [main] DEBUG net.thucydides.core.reflection.ClassFinder - Could not load class .starter.stepdefinitions.AppointmentSteps
11:55:53.074 [main] DEBUG net.thucydides.core.reflection.ClassFinder - Could not load class .starter.stepdefinitions.DashboardSteps
11:55:53.075 [main] DEBUG net.thucydides.core.reflection.ClassFinder - Could not load class .starter.stepdefinitions.DoctorSteps
11:55:53.076 [main] DEBUG net.thucydides.core.reflection.ClassFinder - Could not load class .starter.stepdefinitions.PatientSteps
11:55:53.078 [main] DEBUG net.thucydides.core.reflection.ClassFinder - Could not load class META-INF.versions.9.com.sun.istack.logging.StackHelper
11:55:53.079 [main] DEBUG net.thucydides.core.reflection.ClassFinder - Could not load class META-INF.versions.9.com.sun.xml.bind.v2.runtime.reflect.opt.AccessorInjector
11:55:53.081 [main] DEBUG net.thucydides.core.reflection.ClassFinder - Could not load class META-INF.versions.9.com.sun.xml.bind.v2.runtime.reflect.opt.Injector
11:55:53.082 [main] DEBUG net.thucydides.core.reflection.ClassFinder - Could not load class META-INF.versions.9.com.sun.xml.bind.v2.runtime.reflect.opt.OptimizedAccessorFactory
11:55:53.083 [main] DEBUG net.thucydides.core.reflection.ClassFinder - Could not load class META-INF.versions.9.com.sun.xml.bind.v2.runtime.reflect.opt.OptimizedTransducedAccessorFactory
11:55:53.084 [main] DEBUG net.thucydides.core.reflection.ClassFinder - Could not load class META-INF.versions.9.io.opentelemetry.sdk.internal.CurrentJavaVersionSpecific
11:55:53.086 [main] DEBUG net.thucydides.core.reflection.ClassFinder - Could not load class META-INF.versions.9.io.opentelemetry.sdk.internal.Java9VersionSpecific
11:55:53.087 [main] DEBUG net.thucydides.core.reflection.ClassFinder - Could not load class META-INF.versions.9.javax.xml.bind.ModuleUtil
11:55:53.106 [main] DEBUG net.thucydides.core.reflection.ClassFinder - Could not load class META-INF.versions.9.module-info
11:55:53.109 [main] DEBUG net.thucydides.core.reflection.ClassFinder - Could not load class META-INF.versions.9.org.junit.platform.commons.util.ModuleUtils
11:55:54.498 [main] DEBUG net.thucydides.core.reflection.ClassFinder - Could not load class com.google.gson.internal.
11:55:55.150 [main] DEBUG net.thucydides.core.reflection.ClassFinder - Could not load class com.sun.xml.bind.v2.runtime.output.FastInfosetStreamWriterOutput
11:55:56.793 [main] DEBUG net.thucydides.core.reflection.ClassFinder - Could not load class module-info
11:56:09.308 [main] DEBUG io.netty.util.internal.logging.InternalLoggerFactory - Using SLF4J as the default logging framework
11:56:09.321 [main] DEBUG io.netty.util.ResourceLeakDetector - -Dio.netty.leakDetection.level: simple
11:56:09.322 [main] DEBUG io.netty.util.ResourceLeakDetector - -Dio.netty.leakDetection.targetRecords: 4
11:56:09.349 [main] DEBUG io.netty.util.ResourceLeakDetectorFactory - Loaded default ResourceLeakDetector: io.netty.util.ResourceLeakDetector@64f248ea
11:56:09.427 [main] DEBUG io.netty.util.internal.PlatformDependent0 - -Dio.netty.noUnsafe: false
11:56:09.428 [main] DEBUG io.netty.util.internal.PlatformDependent0 - Java version: 15
11:56:09.432 [main] DEBUG io.netty.util.internal.PlatformDependent0 - sun.misc.Unsafe.theUnsafe: available
11:56:09.435 [main] DEBUG io.netty.util.internal.PlatformDependent0 - sun.misc.Unsafe.copyMemory: available
11:56:09.437 [main] DEBUG io.netty.util.internal.PlatformDependent0 - java.nio.Buffer.address: available
11:56:09.439 [main] DEBUG io.netty.util.internal.PlatformDependent0 - direct buffer constructor: unavailable: Reflective setAccessible(true) disabled
11:56:09.442 [main] DEBUG io.netty.util.internal.PlatformDependent0 - java.nio.Bits.unaligned: available, true
11:56:09.445 [main] DEBUG io.netty.util.internal.PlatformDependent0 - jdk.internal.misc.Unsafe.allocateUninitializedArray(int): unavailable: class io.netty.util.internal.PlatformDependent0$6 cannot access class jdk.internal.misc.Unsafe (in module java.base) because module java.base does not export jdk.internal.misc to unnamed module @5d8445d7
11:56:09.460 [main] DEBUG io.netty.util.internal.PlatformDependent0 - java.nio.DirectByteBuffer.<init>(long, int): unavailable
11:56:09.461 [main] DEBUG io.netty.util.internal.PlatformDependent - sun.misc.Unsafe: available
11:56:09.476 [main] DEBUG io.netty.util.internal.PlatformDependent - maxDirectMemory: 1050673152 bytes (maybe)
11:56:09.477 [main] DEBUG io.netty.util.internal.PlatformDependent - -Dio.netty.tmpdir: C:\Users\USER\AppData\Local\Temp (java.io.tmpdir)
11:56:09.477 [main] DEBUG io.netty.util.internal.PlatformDependent - -Dio.netty.bitMode: 64 (sun.arch.data.model)
11:56:09.479 [main] DEBUG io.netty.util.internal.PlatformDependent - Platform: Windows
11:56:09.481 [main] DEBUG io.netty.util.internal.PlatformDependent - -Dio.netty.maxDirectMemory: -1 bytes
11:56:09.482 [main] DEBUG io.netty.util.internal.PlatformDependent - -Dio.netty.uninitializedArrayAllocationThreshold: -1
11:56:09.486 [main] DEBUG io.netty.util.internal.CleanerJava9 - java.nio.ByteBuffer.cleaner(): available
11:56:09.486 [main] DEBUG io.netty.util.internal.PlatformDependent - -Dio.netty.noPreferDirect: false
11:56:09.517 [main] DEBUG io.netty.util.internal.PlatformDependent - org.jctools-core.MpscChunkedArrayQueue: available
11:56:09.680 [main] DEBUG io.netty.util.internal.InternalThreadLocalMap - -Dio.netty.threadLocalMap.stringBuilder.initialSize: 1024
11:56:09.680 [main] DEBUG io.netty.util.internal.InternalThreadLocalMap - -Dio.netty.threadLocalMap.stringBuilder.maxSize: 4096
11:56:10.086 [main] DEBUG io.netty.handler.ssl.JdkSslContext - Default protocols (JDK): [TLSv1.3, TLSv1.2, TLSv1.1, TLSv1] 
11:56:10.087 [main] DEBUG io.netty.handler.ssl.JdkSslContext - Default cipher suites (JDK): [TLS_ECDHE_ECDSA_WITH_AES_256_GCM_SHA384, TLS_ECDHE_ECDSA_WITH_AES_128_GCM_SHA256, TLS_ECDHE_RSA_WITH_AES_128_GCM_SHA256, TLS_ECDHE_RSA_WITH_AES_256_GCM_SHA384, TLS_ECDHE_RSA_WITH_AES_128_CBC_SHA, TLS_ECDHE_RSA_WITH_AES_256_CBC_SHA, TLS_RSA_WITH_AES_128_GCM_SHA256, TLS_RSA_WITH_AES_128_CBC_SHA, TLS_RSA_WITH_AES_256_CBC_SHA, TLS_AES_128_GCM_SHA256, TLS_AES_256_GCM_SHA384]
11:56:10.298 [main] DEBUG io.netty.channel.MultithreadEventLoopGroup - -Dio.netty.eventLoopThreads: 8
11:56:10.377 [main] DEBUG io.netty.channel.nio.NioEventLoop - -Dio.netty.noKeySetOptimization: false
11:56:10.377 [main] DEBUG io.netty.channel.nio.NioEventLoop - -Dio.netty.selectorAutoRebuildThreshold: 512
11:56:10.623 [main] DEBUG io.netty.buffer.PooledByteBufAllocator - -Dio.netty.allocator.numHeapArenas: 8
11:56:10.623 [main] DEBUG io.netty.buffer.PooledByteBufAllocator - -Dio.netty.allocator.numDirectArenas: 8
11:56:10.624 [main] DEBUG io.netty.buffer.PooledByteBufAllocator - -Dio.netty.allocator.pageSize: 8192
11:56:10.624 [main] DEBUG io.netty.buffer.PooledByteBufAllocator - -Dio.netty.allocator.maxOrder: 11
11:56:10.624 [main] DEBUG io.netty.buffer.PooledByteBufAllocator - -Dio.netty.allocator.chunkSize: 16777216
11:56:10.625 [main] DEBUG io.netty.buffer.PooledByteBufAllocator - -Dio.netty.allocator.smallCacheSize: 256
11:56:10.625 [main] DEBUG io.netty.buffer.PooledByteBufAllocator - -Dio.netty.allocator.normalCacheSize: 64
11:56:10.625 [main] DEBUG io.netty.buffer.PooledByteBufAllocator - -Dio.netty.allocator.maxCachedBufferCapacity: 32768
11:56:10.626 [main] DEBUG io.netty.buffer.PooledByteBufAllocator - -Dio.netty.allocator.cacheTrimInterval: 8192
11:56:10.626 [main] DEBUG io.netty.buffer.PooledByteBufAllocator - -Dio.netty.allocator.cacheTrimIntervalMillis: 0
11:56:10.626 [main] DEBUG io.netty.buffer.PooledByteBufAllocator - -Dio.netty.allocator.useCacheForAllThreads: true
11:56:10.626 [main] DEBUG io.netty.buffer.PooledByteBufAllocator - -Dio.netty.allocator.maxCachedByteBuffersPerChunk: 1023
11:56:10.708 [main] DEBUG io.netty.buffer.ByteBufUtil - -Dio.netty.allocator.type: pooled
11:56:10.708 [main] DEBUG io.netty.buffer.ByteBufUtil - -Dio.netty.threadLocalDirectBufferSize: 0
11:56:10.709 [main] DEBUG io.netty.buffer.ByteBufUtil - -Dio.netty.maxThreadLocalCharBufferSize: 16384
11:56:11.649 [main] DEBUG net.serenitybdd.core.webdriver.driverproviders.ProvideNewDriver - Instantiating driver
11:56:11.649 [main] DEBUG net.serenitybdd.core.webdriver.driverproviders.ProvideNewDriver - Driver capabilities: Capabilities {acceptInsecureCerts: false, base.url: https://group7-react-dev.ne..., browserName: chrome, chrome.driver: src/test/resources/webdrive..., driver: chrome, goog:chromeOptions: {args: [], extensions: []}}
11:56:14.136 [Forwarding newSession on session null to remote] DEBUG io.netty.channel.DefaultChannelId - -Dio.netty.processId: 6724 (auto-detected)
11:56:14.146 [Forwarding newSession on session null to remote] DEBUG io.netty.util.NetUtil - -Djava.net.preferIPv4Stack: false
11:56:14.146 [Forwarding newSession on session null to remote] DEBUG io.netty.util.NetUtil - -Djava.net.preferIPv6Addresses: false
11:56:14.168 [Forwarding newSession on session null to remote] DEBUG io.netty.util.NetUtilInitializations - Loopback interface: lo (Software Loopback Interface 1, 127.0.0.1)
11:56:14.172 [Forwarding newSession on session null to remote] DEBUG io.netty.util.NetUtil - Failed to get SOMAXCONN from sysctl and file \proc\sys\net\core\somaxconn. Default: 200
11:56:14.255 [Forwarding newSession on session null to remote] DEBUG io.netty.channel.DefaultChannelId - -Dio.netty.machineId: 00:00:00:00:00:00:00:e0 (auto-detected)
11:56:14.534 [AsyncHttpClient-1-2] DEBUG io.netty.buffer.AbstractByteBuf - -Dio.netty.buffer.checkAccessible: true
11:56:14.535 [AsyncHttpClient-1-2] DEBUG io.netty.buffer.AbstractByteBuf - -Dio.netty.buffer.checkBounds: true
11:56:14.535 [AsyncHttpClient-1-2] DEBUG io.netty.util.ResourceLeakDetectorFactory - Loaded default ResourceLeakDetector: io.netty.util.ResourceLeakDetector@7b904c8
11:56:14.591 [AsyncHttpClient-1-2] DEBUG org.asynchttpclient.netty.channel.NettyConnectListener - Using new Channel '[id: 0x4c4be989, L:/127.0.0.1:58073 - R:localhost/127.0.0.1:59229]' for 'POST' to '/session'
11:56:14.728 [AsyncHttpClient-1-2] DEBUG io.netty.util.Recycler - -Dio.netty.recycler.maxCapacityPerThread: 4096
11:56:14.729 [AsyncHttpClient-1-2] DEBUG io.netty.util.Recycler - -Dio.netty.recycler.ratio: 8
11:56:14.729 [AsyncHttpClient-1-2] DEBUG io.netty.util.Recycler - -Dio.netty.recycler.chunkSize: 32
11:56:14.730 [AsyncHttpClient-1-2] DEBUG io.netty.util.Recycler - -Dio.netty.recycler.blocking: false
11:57:34.526 [AsyncHttpClient-1-2] DEBUG io.netty.handler.codec.compression.Brotli - brotli4j not in the classpath; Brotli support will be unavailable.
11:57:34.527 [AsyncHttpClient-1-2] DEBUG org.asynchttpclient.netty.handler.HttpHandler - 

Request DefaultHttpRequest(decodeResult: success, version: HTTP/1.1)
POST /session HTTP/1.1
User-Agent: selenium/4.1.2 (java windows)
Content-Length: 617
Content-Type: application/json; charset=utf-8
host: localhost:59229
accept: */*

Response DefaultHttpResponse(decodeResult: success, version: HTTP/1.1)
HTTP/1.1 200 OK
Content-Type: application/json; charset=utf-8
cache-control: no-cache
content-length: 788

11:57:34.707 [AsyncHttpClient-1-2] DEBUG org.asynchttpclient.netty.channel.ChannelManager - Adding key: http://localhost:59229 for channel [id: 0x4c4be989, L:/127.0.0.1:58073 - R:localhost/127.0.0.1:59229]
11:57:34.834 [AsyncHttpClient-1-1] DEBUG org.asynchttpclient.netty.channel.DefaultChannelPool - Entry count for : http://localhost:59229 : 1
11:57:35.933 [AsyncHttpClient-1-1] DEBUG org.asynchttpclient.netty.channel.DefaultChannelPool - Entry count for : http://localhost:59229 : 1
11:57:37.033 [AsyncHttpClient-1-1] DEBUG org.asynchttpclient.netty.channel.DefaultChannelPool - Entry count for : http://localhost:59229 : 1
11:57:37.994 [AsyncHttpClient-1-3] DEBUG org.asynchttpclient.netty.channel.NettyConnectListener - Using new Channel '[id: 0xf99ece3b, L:/127.0.0.1:58154 - R:localhost/127.0.0.1:58093]' for 'GET' to '/json/version'
11:57:38.039 [AsyncHttpClient-1-3] DEBUG org.asynchttpclient.netty.handler.HttpHandler - 

Request DefaultFullHttpRequest(decodeResult: success, version: HTTP/1.1, content: EmptyByteBufBE)
GET /json/version HTTP/1.1
User-Agent: selenium/4.1.2 (java windows)
host: localhost:58093
accept: */*

Response DefaultHttpResponse(decodeResult: success, version: HTTP/1.1)
HTTP/1.1 200 OK
Content-Type: application/json; charset=UTF-8
content-length: 427

11:57:38.042 [AsyncHttpClient-1-3] DEBUG org.asynchttpclient.netty.channel.ChannelManager - Adding key: http://localhost:58093 for channel [id: 0xf99ece3b, L:/127.0.0.1:58154 - R:localhost/127.0.0.1:58093]
11:57:38.123 [main] DEBUG io.netty.util.internal.ThreadLocalRandom - -Dio.netty.initialSeedUniquifier: 0xacb122e1834c8466
11:57:38.134 [AsyncHttpClient-1-1] DEBUG org.asynchttpclient.netty.channel.DefaultChannelPool - Entry count for : http://localhost:59229 : 1
11:57:38.135 [AsyncHttpClient-1-1] DEBUG org.asynchttpclient.netty.channel.DefaultChannelPool - Entry count for : http://localhost:58093 : 1
11:57:38.139 [AsyncHttpClient-1-4] DEBUG org.asynchttpclient.netty.channel.NettyConnectListener - Using new Channel '[id: 0x7cf5d715, L:/127.0.0.1:58155 - R:localhost/127.0.0.1:58093]' for 'GET' to '/devtools/browser/e0fbe6d2-1ca3-4016-abda-f0aa4804b75f'
11:57:38.182 [AsyncHttpClient-1-4] DEBUG org.asynchttpclient.netty.handler.WebSocketHandler - 

Request DefaultFullHttpRequest(decodeResult: success, version: HTTP/1.1, content: EmptyByteBufBE)
GET /devtools/browser/e0fbe6d2-1ca3-4016-abda-f0aa4804b75f HTTP/1.1
upgrade: websocket
connection: upgrade
sec-websocket-key: G4lDLNDyU+GrC1zOl9E0Kg==
sec-websocket-version: 13
origin: http://localhost:58093
host: localhost:58093
accept: */*
user-agent: AHC/2.1

Response DefaultHttpResponse(decodeResult: success, version: HTTP/1.1)
HTTP/1.1 101 WebSocket Protocol Handshake
Upgrade: WebSocket
Connection: Upgrade
Sec-WebSocket-Accept: aQBDs/3TekLAcZd+1I/wqMEphME=

11:57:38.724 [Forwarding maximizeCurrentWindow on session 6f0dca5dfe5ed485ed5e10da91204f0b to remote] DEBUG org.asynchttpclient.netty.request.NettyRequestSender - Using pooled Channel '[id: 0x4c4be989, L:/127.0.0.1:58073 - R:localhost/127.0.0.1:59229]' for 'POST' to 'http://localhost:59229/session/6f0dca5dfe5ed485ed5e10da91204f0b/window/maximize'
11:57:38.725 [Forwarding maximizeCurrentWindow on session 6f0dca5dfe5ed485ed5e10da91204f0b to remote] DEBUG org.asynchttpclient.netty.request.NettyRequestSender - Using open Channel [id: 0x4c4be989, L:/127.0.0.1:58073 - R:localhost/127.0.0.1:59229] for POST '/session/6f0dca5dfe5ed485ed5e10da91204f0b/window/maximize'
11:57:39.233 [AsyncHttpClient-1-1] DEBUG org.asynchttpclient.netty.channel.DefaultChannelPool - Entry count for : http://localhost:58093 : 1
11:57:40.334 [AsyncHttpClient-1-1] DEBUG org.asynchttpclient.netty.channel.DefaultChannelPool - Entry count for : http://localhost:58093 : 1
11:57:41.433 [AsyncHttpClient-1-1] DEBUG org.asynchttpclient.netty.channel.DefaultChannelPool - Entry count for : http://localhost:58093 : 1
11:57:42.533 [AsyncHttpClient-1-1] DEBUG org.asynchttpclient.netty.channel.DefaultChannelPool - Entry count for : http://localhost:58093 : 1
11:57:42.830 [AsyncHttpClient-1-2] DEBUG org.asynchttpclient.netty.handler.HttpHandler - 

Request DefaultHttpRequest(decodeResult: success, version: HTTP/1.1)
POST /session/6f0dca5dfe5ed485ed5e10da91204f0b/window/maximize HTTP/1.1
User-Agent: selenium/4.1.2 (java windows)
Content-Length: 3
Content-Type: application/json; charset=utf-8
host: localhost:59229
accept: */*

Response DefaultHttpResponse(decodeResult: success, version: HTTP/1.1)
HTTP/1.1 200 OK
Content-Type: application/json; charset=utf-8
cache-control: no-cache
content-length: 51

11:57:42.832 [AsyncHttpClient-1-2] DEBUG org.asynchttpclient.netty.channel.ChannelManager - Adding key: http://localhost:59229 for channel [id: 0x4c4be989, L:/127.0.0.1:58073 - R:localhost/127.0.0.1:59229]
11:57:43.633 [AsyncHttpClient-1-1] DEBUG org.asynchttpclient.netty.channel.DefaultChannelPool - Entry count for : http://localhost:59229 : 1
11:57:43.633 [AsyncHttpClient-1-1] DEBUG org.asynchttpclient.netty.channel.DefaultChannelPool - Entry count for : http://localhost:58093 : 1
11:57:44.734 [AsyncHttpClient-1-1] DEBUG org.asynchttpclient.netty.channel.DefaultChannelPool - Entry count for : http://localhost:59229 : 1
11:57:44.734 [AsyncHttpClient-1-1] DEBUG org.asynchttpclient.netty.channel.DefaultChannelPool - Entry count for : http://localhost:58093 : 1
11:57:45.833 [AsyncHttpClient-1-1] DEBUG org.asynchttpclient.netty.channel.DefaultChannelPool - Entry count for : http://localhost:59229 : 1
11:57:45.833 [AsyncHttpClient-1-1] DEBUG org.asynchttpclient.netty.channel.DefaultChannelPool - Entry count for : http://localhost:58093 : 1
11:57:46.934 [AsyncHttpClient-1-1] DEBUG org.asynchttpclient.netty.channel.DefaultChannelPool - Entry count for : http://localhost:59229 : 1
11:57:46.934 [AsyncHttpClient-1-1] DEBUG org.asynchttpclient.netty.channel.DefaultChannelPool - Entry count for : http://localhost:58093 : 1
11:57:48.034 [AsyncHttpClient-1-1] DEBUG org.asynchttpclient.netty.channel.DefaultChannelPool - Entry count for : http://localhost:59229 : 1
11:57:48.034 [AsyncHttpClient-1-1] DEBUG org.asynchttpclient.netty.channel.DefaultChannelPool - Entry count for : http://localhost:58093 : 1
11:57:49.134 [AsyncHttpClient-1-1] DEBUG org.asynchttpclient.netty.channel.DefaultChannelPool - Entry count for : http://localhost:59229 : 1
11:57:49.134 [AsyncHttpClient-1-1] DEBUG org.asynchttpclient.netty.channel.DefaultChannelPool - Entry count for : http://localhost:58093 : 1
11:57:50.234 [AsyncHttpClient-1-1] DEBUG org.asynchttpclient.netty.channel.DefaultChannelPool - Entry count for : http://localhost:59229 : 1
11:57:50.234 [AsyncHttpClient-1-1] DEBUG org.asynchttpclient.netty.channel.DefaultChannelPool - Entry count for : http://localhost:58093 : 1
11:57:51.182 [main] DEBUG net.thucydides.core.reflection.ClassFinder - Could not load class .CucumberTestSuite
11:57:51.182 [main] DEBUG net.thucydides.core.reflection.ClassFinder - Could not load class .Utils.General
11:57:51.183 [main] DEBUG net.thucydides.core.reflection.ClassFinder - Could not load class .starter.pages.AppointmentPage
11:57:51.183 [main] DEBUG net.thucydides.core.reflection.ClassFinder - Could not load class .starter.pages.DashboardPage
11:57:51.184 [main] DEBUG net.thucydides.core.reflection.ClassFinder - Could not load class .starter.pages.DoctorPage
11:57:51.184 [main] DEBUG net.thucydides.core.reflection.ClassFinder - Could not load class .starter.pages.PatientPage
11:57:51.184 [main] DEBUG net.thucydides.core.reflection.ClassFinder - Could not load class .starter.stepdefinitions.AppointmentSteps
11:57:51.185 [main] DEBUG net.thucydides.core.reflection.ClassFinder - Could not load class .starter.stepdefinitions.DashboardSteps
11:57:51.185 [main] DEBUG net.thucydides.core.reflection.ClassFinder - Could not load class .starter.stepdefinitions.DoctorSteps
11:57:51.185 [main] DEBUG net.thucydides.core.reflection.ClassFinder - Could not load class .starter.stepdefinitions.PatientSteps
11:57:51.188 [main] DEBUG net.thucydides.core.reflection.ClassFinder - Could not load class META-INF.versions.9.com.sun.istack.logging.StackHelper
11:57:51.189 [main] DEBUG net.thucydides.core.reflection.ClassFinder - Could not load class META-INF.versions.9.com.sun.xml.bind.v2.runtime.reflect.opt.AccessorInjector
11:57:51.190 [main] DEBUG net.thucydides.core.reflection.ClassFinder - Could not load class META-INF.versions.9.com.sun.xml.bind.v2.runtime.reflect.opt.Injector
11:57:51.191 [main] DEBUG net.thucydides.core.reflection.ClassFinder - Could not load class META-INF.versions.9.com.sun.xml.bind.v2.runtime.reflect.opt.OptimizedAccessorFactory
11:57:51.192 [main] DEBUG net.thucydides.core.reflection.ClassFinder - Could not load class META-INF.versions.9.com.sun.xml.bind.v2.runtime.reflect.opt.OptimizedTransducedAccessorFactory
11:57:51.193 [main] DEBUG net.thucydides.core.reflection.ClassFinder - Could not load class META-INF.versions.9.io.opentelemetry.sdk.internal.CurrentJavaVersionSpecific
11:57:51.194 [main] DEBUG net.thucydides.core.reflection.ClassFinder - Could not load class META-INF.versions.9.io.opentelemetry.sdk.internal.Java9VersionSpecific
11:57:51.196 [main] DEBUG net.thucydides.core.reflection.ClassFinder - Could not load class META-INF.versions.9.javax.xml.bind.ModuleUtil
11:57:51.197 [main] DEBUG net.thucydides.core.reflection.ClassFinder - Could not load class META-INF.versions.9.module-info
11:57:51.200 [main] DEBUG net.thucydides.core.reflection.ClassFinder - Could not load class META-INF.versions.9.org.junit.platform.commons.util.ModuleUtils
11:57:51.207 [main] DEBUG net.thucydides.core.reflection.ClassFinder - Could not load class com.google.gson.internal.
11:57:51.212 [main] DEBUG net.thucydides.core.reflection.ClassFinder - Could not load class com.sun.xml.bind.v2.runtime.output.FastInfosetStreamWriterOutput
11:57:51.223 [main] DEBUG net.thucydides.core.reflection.ClassFinder - Could not load class module-info
11:57:51.340 [AsyncHttpClient-1-1] DEBUG org.asynchttpclient.netty.channel.DefaultChannelPool - Entry count for : http://localhost:59229 : 1
11:57:51.340 [AsyncHttpClient-1-1] DEBUG org.asynchttpclient.netty.channel.DefaultChannelPool - Entry count for : http://localhost:58093 : 1
11:57:51.377 [Forwarding get on session 6f0dca5dfe5ed485ed5e10da91204f0b to remote] DEBUG org.asynchttpclient.netty.request.NettyRequestSender - Using pooled Channel '[id: 0x4c4be989, L:/127.0.0.1:58073 - R:localhost/127.0.0.1:59229]' for 'POST' to 'http://localhost:59229/session/6f0dca5dfe5ed485ed5e10da91204f0b/url'
11:57:51.378 [Forwarding get on session 6f0dca5dfe5ed485ed5e10da91204f0b to remote] DEBUG org.asynchttpclient.netty.request.NettyRequestSender - Using open Channel [id: 0x4c4be989, L:/127.0.0.1:58073 - R:localhost/127.0.0.1:59229] for POST '/session/6f0dca5dfe5ed485ed5e10da91204f0b/url'
11:57:52.433 [AsyncHttpClient-1-1] DEBUG org.asynchttpclient.netty.channel.DefaultChannelPool - Entry count for : http://localhost:58093 : 1
11:57:53.533 [AsyncHttpClient-1-1] DEBUG org.asynchttpclient.netty.channel.DefaultChannelPool - Entry count for : http://localhost:58093 : 1
11:57:54.652 [AsyncHttpClient-1-1] DEBUG org.asynchttpclient.netty.channel.DefaultChannelPool - Entry count for : http://localhost:58093 : 1
11:57:55.735 [AsyncHttpClient-1-1] DEBUG org.asynchttpclient.netty.channel.DefaultChannelPool - Entry count for : http://localhost:58093 : 1
11:57:56.846 [AsyncHttpClient-1-1] DEBUG org.asynchttpclient.netty.channel.DefaultChannelPool - Entry count for : http://localhost:58093 : 1
11:57:57.933 [AsyncHttpClient-1-1] DEBUG org.asynchttpclient.netty.channel.DefaultChannelPool - Entry count for : http://localhost:58093 : 1
11:57:59.034 [AsyncHttpClient-1-1] DEBUG org.asynchttpclient.netty.channel.DefaultChannelPool - Entry count for : http://localhost:58093 : 1
11:58:00.134 [AsyncHttpClient-1-1] DEBUG org.asynchttpclient.netty.channel.DefaultChannelPool - Entry count for : http://localhost:58093 : 1
11:58:01.233 [AsyncHttpClient-1-1] DEBUG org.asynchttpclient.netty.channel.DefaultChannelPool - Entry count for : http://localhost:58093 : 1
11:58:02.334 [AsyncHttpClient-1-1] DEBUG org.asynchttpclient.netty.channel.DefaultChannelPool - Entry count for : http://localhost:58093 : 1
11:58:03.434 [AsyncHttpClient-1-1] DEBUG org.asynchttpclient.netty.channel.DefaultChannelPool - Entry count for : http://localhost:58093 : 1
11:58:04.534 [AsyncHttpClient-1-1] DEBUG org.asynchttpclient.netty.channel.DefaultChannelPool - Entry count for : http://localhost:58093 : 1
11:58:05.634 [AsyncHttpClient-1-1] DEBUG org.asynchttpclient.netty.channel.DefaultChannelPool - Entry count for : http://localhost:58093 : 1
11:58:05.949 [AsyncHttpClient-1-2] DEBUG org.asynchttpclient.netty.handler.HttpHandler - 

Request DefaultHttpRequest(decodeResult: success, version: HTTP/1.1)
POST /session/6f0dca5dfe5ed485ed5e10da91204f0b/url HTTP/1.1
User-Agent: selenium/4.1.2 (java windows)
Content-Length: 61
Content-Type: application/json; charset=utf-8
host: localhost:59229
accept: */*

Response DefaultHttpResponse(decodeResult: success, version: HTTP/1.1)
HTTP/1.1 200 OK
Content-Type: application/json; charset=utf-8
cache-control: no-cache
content-length: 14

11:58:05.951 [AsyncHttpClient-1-2] DEBUG org.asynchttpclient.netty.channel.ChannelManager - Adding key: http://localhost:59229 for channel [id: 0x4c4be989, L:/127.0.0.1:58073 - R:localhost/127.0.0.1:59229]
11:58:05.971 [Forwarding setTimeout on session 6f0dca5dfe5ed485ed5e10da91204f0b to remote] DEBUG org.asynchttpclient.netty.request.NettyRequestSender - Using pooled Channel '[id: 0x4c4be989, L:/127.0.0.1:58073 - R:localhost/127.0.0.1:59229]' for 'POST' to 'http://localhost:59229/session/6f0dca5dfe5ed485ed5e10da91204f0b/timeouts'
11:58:05.972 [Forwarding setTimeout on session 6f0dca5dfe5ed485ed5e10da91204f0b to remote] DEBUG org.asynchttpclient.netty.request.NettyRequestSender - Using open Channel [id: 0x4c4be989, L:/127.0.0.1:58073 - R:localhost/127.0.0.1:59229] for POST '/session/6f0dca5dfe5ed485ed5e10da91204f0b/timeouts'
11:58:06.085 [AsyncHttpClient-1-2] DEBUG org.asynchttpclient.netty.handler.HttpHandler - 

Request DefaultHttpRequest(decodeResult: success, version: HTTP/1.1)
POST /session/6f0dca5dfe5ed485ed5e10da91204f0b/timeouts HTTP/1.1
User-Agent: selenium/4.1.2 (java windows)
Content-Length: 22
Content-Type: application/json; charset=utf-8
host: localhost:59229
accept: */*

Response DefaultHttpResponse(decodeResult: success, version: HTTP/1.1)
HTTP/1.1 200 OK
Content-Type: application/json; charset=utf-8
cache-control: no-cache
content-length: 14

11:58:06.086 [AsyncHttpClient-1-2] DEBUG org.asynchttpclient.netty.channel.ChannelManager - Adding key: http://localhost:59229 for channel [id: 0x4c4be989, L:/127.0.0.1:58073 - R:localhost/127.0.0.1:59229]
11:58:06.122 [Forwarding getCurrentUrl on session 6f0dca5dfe5ed485ed5e10da91204f0b to remote] DEBUG org.asynchttpclient.netty.request.NettyRequestSender - Using pooled Channel '[id: 0x4c4be989, L:/127.0.0.1:58073 - R:localhost/127.0.0.1:59229]' for 'GET' to 'http://localhost:59229/session/6f0dca5dfe5ed485ed5e10da91204f0b/url'
11:58:06.123 [Forwarding getCurrentUrl on session 6f0dca5dfe5ed485ed5e10da91204f0b to remote] DEBUG org.asynchttpclient.netty.request.NettyRequestSender - Using open Channel [id: 0x4c4be989, L:/127.0.0.1:58073 - R:localhost/127.0.0.1:59229] for GET '/session/6f0dca5dfe5ed485ed5e10da91204f0b/url'
11:58:06.734 [AsyncHttpClient-1-1] DEBUG org.asynchttpclient.netty.channel.DefaultChannelPool - Entry count for : http://localhost:58093 : 1
11:58:07.834 [AsyncHttpClient-1-1] DEBUG org.asynchttpclient.netty.channel.DefaultChannelPool - Entry count for : http://localhost:58093 : 1
11:58:08.404 [AsyncHttpClient-1-2] DEBUG org.asynchttpclient.netty.handler.HttpHandler - 

Request DefaultFullHttpRequest(decodeResult: success, version: HTTP/1.1, content: EmptyByteBufBE)
GET /session/6f0dca5dfe5ed485ed5e10da91204f0b/url HTTP/1.1
User-Agent: selenium/4.1.2 (java windows)
Cache-Control: no-cache
Content-Type: application/json; charset=utf-8
host: localhost:59229
accept: */*

Response DefaultHttpResponse(decodeResult: success, version: HTTP/1.1)
HTTP/1.1 200 OK
Content-Type: application/json; charset=utf-8
cache-control: no-cache
content-length: 49

11:58:08.405 [AsyncHttpClient-1-2] DEBUG org.asynchttpclient.netty.channel.ChannelManager - Adding key: http://localhost:59229 for channel [id: 0x4c4be989, L:/127.0.0.1:58073 - R:localhost/127.0.0.1:59229]
11:58:08.439 [Forwarding getCurrentUrl on session 6f0dca5dfe5ed485ed5e10da91204f0b to remote] DEBUG org.asynchttpclient.netty.request.NettyRequestSender - Using pooled Channel '[id: 0x4c4be989, L:/127.0.0.1:58073 - R:localhost/127.0.0.1:59229]' for 'GET' to 'http://localhost:59229/session/6f0dca5dfe5ed485ed5e10da91204f0b/url'
11:58:08.439 [Forwarding getCurrentUrl on session 6f0dca5dfe5ed485ed5e10da91204f0b to remote] DEBUG org.asynchttpclient.netty.request.NettyRequestSender - Using open Channel [id: 0x4c4be989, L:/127.0.0.1:58073 - R:localhost/127.0.0.1:59229] for GET '/session/6f0dca5dfe5ed485ed5e10da91204f0b/url'
11:58:08.453 [AsyncHttpClient-1-2] DEBUG org.asynchttpclient.netty.handler.HttpHandler - 

Request DefaultFullHttpRequest(decodeResult: success, version: HTTP/1.1, content: EmptyByteBufBE)
GET /session/6f0dca5dfe5ed485ed5e10da91204f0b/url HTTP/1.1
User-Agent: selenium/4.1.2 (java windows)
Cache-Control: no-cache
Content-Type: application/json; charset=utf-8
host: localhost:59229
accept: */*

Response DefaultHttpResponse(decodeResult: success, version: HTTP/1.1)
HTTP/1.1 200 OK
Content-Type: application/json; charset=utf-8
cache-control: no-cache
content-length: 49

11:58:08.454 [AsyncHttpClient-1-2] DEBUG org.asynchttpclient.netty.channel.ChannelManager - Adding key: http://localhost:59229 for channel [id: 0x4c4be989, L:/127.0.0.1:58073 - R:localhost/127.0.0.1:59229]
11:58:08.545 [main] DEBUG net.serenitybdd.core.photography.Darkroom - Opening darkroom
11:58:08.547 [Darkroom Processing Line] DEBUG net.serenitybdd.core.photography.DarkroomProcessingLine - Darkroom processing line starting up
11:58:08.550 [Forwarding screenshot on session 6f0dca5dfe5ed485ed5e10da91204f0b to remote] DEBUG org.asynchttpclient.netty.request.NettyRequestSender - Using pooled Channel '[id: 0x4c4be989, L:/127.0.0.1:58073 - R:localhost/127.0.0.1:59229]' for 'GET' to 'http://localhost:59229/session/6f0dca5dfe5ed485ed5e10da91204f0b/screenshot'
11:58:08.551 [Forwarding screenshot on session 6f0dca5dfe5ed485ed5e10da91204f0b to remote] DEBUG org.asynchttpclient.netty.request.NettyRequestSender - Using open Channel [id: 0x4c4be989, L:/127.0.0.1:58073 - R:localhost/127.0.0.1:59229] for GET '/session/6f0dca5dfe5ed485ed5e10da91204f0b/screenshot'
11:58:08.934 [AsyncHttpClient-1-1] DEBUG org.asynchttpclient.netty.channel.DefaultChannelPool - Entry count for : http://localhost:58093 : 1
11:58:10.033 [AsyncHttpClient-1-1] DEBUG org.asynchttpclient.netty.channel.DefaultChannelPool - Entry count for : http://localhost:58093 : 1
11:58:11.133 [AsyncHttpClient-1-1] DEBUG org.asynchttpclient.netty.channel.DefaultChannelPool - Entry count for : http://localhost:58093 : 1
11:58:12.235 [AsyncHttpClient-1-1] DEBUG org.asynchttpclient.netty.channel.DefaultChannelPool - Entry count for : http://localhost:58093 : 1
11:58:13.333 [AsyncHttpClient-1-1] DEBUG org.asynchttpclient.netty.channel.DefaultChannelPool - Entry count for : http://localhost:58093 : 1
11:58:14.434 [AsyncHttpClient-1-1] DEBUG org.asynchttpclient.netty.channel.DefaultChannelPool - Entry count for : http://localhost:58093 : 1
11:58:15.534 [AsyncHttpClient-1-1] DEBUG org.asynchttpclient.netty.channel.DefaultChannelPool - Entry count for : http://localhost:58093 : 1
11:58:16.634 [AsyncHttpClient-1-1] DEBUG org.asynchttpclient.netty.channel.DefaultChannelPool - Entry count for : http://localhost:58093 : 1
11:58:17.734 [AsyncHttpClient-1-1] DEBUG org.asynchttpclient.netty.channel.DefaultChannelPool - Entry count for : http://localhost:58093 : 1
11:58:18.759 [AsyncHttpClient-1-2] DEBUG org.asynchttpclient.netty.handler.HttpHandler - 

Request DefaultFullHttpRequest(decodeResult: success, version: HTTP/1.1, content: EmptyByteBufBE)
GET /session/6f0dca5dfe5ed485ed5e10da91204f0b/screenshot HTTP/1.1
User-Agent: selenium/4.1.2 (java windows)
Cache-Control: no-cache
Content-Type: application/json; charset=utf-8
host: localhost:59229
accept: */*

Response DefaultHttpResponse(decodeResult: success, version: HTTP/1.1)
HTTP/1.1 200 OK
Content-Type: application/json; charset=utf-8
cache-control: no-cache
content-length: 346272

11:58:18.784 [AsyncHttpClient-1-2] DEBUG org.asynchttpclient.netty.channel.ChannelManager - Adding key: http://localhost:59229 for channel [id: 0x4c4be989, L:/127.0.0.1:58073 - R:localhost/127.0.0.1:59229]
11:58:18.866 [AsyncHttpClient-1-1] DEBUG org.asynchttpclient.netty.channel.DefaultChannelPool - Entry count for : http://localhost:59229 : 1
11:58:18.866 [AsyncHttpClient-1-1] DEBUG org.asynchttpclient.netty.channel.DefaultChannelPool - Entry count for : http://localhost:58093 : 1
11:58:19.933 [AsyncHttpClient-1-1] DEBUG org.asynchttpclient.netty.channel.DefaultChannelPool - Entry count for : http://localhost:59229 : 1
11:58:19.933 [AsyncHttpClient-1-1] DEBUG org.asynchttpclient.netty.channel.DefaultChannelPool - Entry count for : http://localhost:58093 : 1
11:58:21.034 [AsyncHttpClient-1-1] DEBUG org.asynchttpclient.netty.channel.DefaultChannelPool - Entry count for : http://localhost:59229 : 1
11:58:21.034 [AsyncHttpClient-1-1] DEBUG org.asynchttpclient.netty.channel.DefaultChannelPool - Entry count for : http://localhost:58093 : 1
11:58:22.134 [AsyncHttpClient-1-1] DEBUG org.asynchttpclient.netty.channel.DefaultChannelPool - Entry count for : http://localhost:59229 : 1
11:58:22.134 [AsyncHttpClient-1-1] DEBUG org.asynchttpclient.netty.channel.DefaultChannelPool - Entry count for : http://localhost:58093 : 1
11:58:23.234 [AsyncHttpClient-1-1] DEBUG org.asynchttpclient.netty.channel.DefaultChannelPool - Entry count for : http://localhost:59229 : 1
11:58:23.234 [AsyncHttpClient-1-1] DEBUG org.asynchttpclient.netty.channel.DefaultChannelPool - Entry count for : http://localhost:58093 : 1
11:58:23.277 [main] DEBUG net.serenitybdd.core.photography.Darkroom - Send negative for processing for target\site\serenity\a6ef938a217db726c2ae2b38945e3cb77d91e28e3f826bf699ececf8d2eaeb76.png
11:58:23.279 [Darkroom Processing Line] DEBUG net.serenitybdd.core.photography.DarkroomProcessingLine - Processing screenshot image in /var/screenshots/screenshot-6578131907913659347
11:58:23.280 [Darkroom Processing Line] DEBUG net.serenitybdd.core.photography.DarkroomProcessingLine - Saving screenshot to target\site\serenity\a6ef938a217db726c2ae2b38945e3cb77d91e28e3f826bf699ececf8d2eaeb76.png
11:58:24.333 [AsyncHttpClient-1-1] DEBUG org.asynchttpclient.netty.channel.DefaultChannelPool - Entry count for : http://localhost:59229 : 1
11:58:24.333 [AsyncHttpClient-1-1] DEBUG org.asynchttpclient.netty.channel.DefaultChannelPool - Entry count for : http://localhost:58093 : 1
11:58:24.721 [main] DEBUG net.thucydides.core.steps.StepInterceptor - STEP DONE: openUrl
11:58:24.778 [Forwarding screenshot on session 6f0dca5dfe5ed485ed5e10da91204f0b to remote] DEBUG org.asynchttpclient.netty.request.NettyRequestSender - Using pooled Channel '[id: 0x4c4be989, L:/127.0.0.1:58073 - R:localhost/127.0.0.1:59229]' for 'GET' to 'http://localhost:59229/session/6f0dca5dfe5ed485ed5e10da91204f0b/screenshot'
11:58:24.778 [Forwarding screenshot on session 6f0dca5dfe5ed485ed5e10da91204f0b to remote] DEBUG org.asynchttpclient.netty.request.NettyRequestSender - Using open Channel [id: 0x4c4be989, L:/127.0.0.1:58073 - R:localhost/127.0.0.1:59229] for GET '/session/6f0dca5dfe5ed485ed5e10da91204f0b/screenshot'
11:58:25.435 [AsyncHttpClient-1-1] DEBUG org.asynchttpclient.netty.channel.DefaultChannelPool - Entry count for : http://localhost:58093 : 1
11:58:25.602 [AsyncHttpClient-1-2] DEBUG org.asynchttpclient.netty.handler.HttpHandler - 

Request DefaultFullHttpRequest(decodeResult: success, version: HTTP/1.1, content: EmptyByteBufBE)
GET /session/6f0dca5dfe5ed485ed5e10da91204f0b/screenshot HTTP/1.1
User-Agent: selenium/4.1.2 (java windows)
Cache-Control: no-cache
Content-Type: application/json; charset=utf-8
host: localhost:59229
accept: */*

Response DefaultHttpResponse(decodeResult: success, version: HTTP/1.1)
HTTP/1.1 200 OK
Content-Type: application/json; charset=utf-8
cache-control: no-cache
content-length: 349908

11:58:25.621 [AsyncHttpClient-1-2] DEBUG org.asynchttpclient.netty.channel.ChannelManager - Adding key: http://localhost:59229 for channel [id: 0x4c4be989, L:/127.0.0.1:58073 - R:localhost/127.0.0.1:59229]
11:58:25.711 [main] DEBUG net.serenitybdd.core.photography.Darkroom - Send negative for processing for target\site\serenity\462a2931ae2303bc0510c5c3f1af11d9bf44a4ebb3ec91f15a247b5c4ba8e898.png
11:58:25.713 [Darkroom Processing Line] DEBUG net.serenitybdd.core.photography.DarkroomProcessingLine - Processing screenshot image in /var/screenshots/screenshot-10275493289286985078
11:58:25.713 [Darkroom Processing Line] DEBUG net.serenitybdd.core.photography.DarkroomProcessingLine - Saving screenshot to target\site\serenity\462a2931ae2303bc0510c5c3f1af11d9bf44a4ebb3ec91f15a247b5c4ba8e898.png
11:58:25.724 [main] DEBUG net.thucydides.core.steps.StepInterceptor - STARTING STEP: DashboardSteps.iAmOnTheDashboardPage - validateOnDashboardPage
11:58:25.757 [Forwarding findElement on session 6f0dca5dfe5ed485ed5e10da91204f0b to remote] DEBUG org.asynchttpclient.netty.request.NettyRequestSender - Using pooled Channel '[id: 0x4c4be989, L:/127.0.0.1:58073 - R:localhost/127.0.0.1:59229]' for 'POST' to 'http://localhost:59229/session/6f0dca5dfe5ed485ed5e10da91204f0b/element'
11:58:25.758 [Forwarding findElement on session 6f0dca5dfe5ed485ed5e10da91204f0b to remote] DEBUG org.asynchttpclient.netty.request.NettyRequestSender - Using open Channel [id: 0x4c4be989, L:/127.0.0.1:58073 - R:localhost/127.0.0.1:59229] for POST '/session/6f0dca5dfe5ed485ed5e10da91204f0b/element'
11:58:26.534 [AsyncHttpClient-1-1] DEBUG org.asynchttpclient.netty.channel.DefaultChannelPool - Entry count for : http://localhost:58093 : 1
11:58:27.633 [AsyncHttpClient-1-1] DEBUG org.asynchttpclient.netty.channel.DefaultChannelPool - Entry count for : http://localhost:58093 : 1
11:58:28.733 [AsyncHttpClient-1-1] DEBUG org.asynchttpclient.netty.channel.DefaultChannelPool - Entry count for : http://localhost:58093 : 1
11:58:29.833 [AsyncHttpClient-1-1] DEBUG org.asynchttpclient.netty.channel.DefaultChannelPool - Entry count for : http://localhost:58093 : 1
11:58:30.933 [AsyncHttpClient-1-1] DEBUG org.asynchttpclient.netty.channel.DefaultChannelPool - Entry count for : http://localhost:58093 : 1
11:58:32.033 [AsyncHttpClient-1-1] DEBUG org.asynchttpclient.netty.channel.DefaultChannelPool - Entry count for : http://localhost:58093 : 1
11:58:32.431 [AsyncHttpClient-1-2] DEBUG org.asynchttpclient.netty.handler.HttpHandler - 

Request DefaultHttpRequest(decodeResult: success, version: HTTP/1.1)
POST /session/6f0dca5dfe5ed485ed5e10da91204f0b/element HTTP/1.1
User-Agent: selenium/4.1.2 (java windows)
Content-Length: 81
Content-Type: application/json; charset=utf-8
host: localhost:59229
accept: */*

Response DefaultHttpResponse(decodeResult: success, version: HTTP/1.1)
HTTP/1.1 200 OK
Content-Type: application/json; charset=utf-8
cache-control: no-cache
content-length: 88

11:58:32.432 [AsyncHttpClient-1-2] DEBUG org.asynchttpclient.netty.channel.ChannelManager - Adding key: http://localhost:59229 for channel [id: 0x4c4be989, L:/127.0.0.1:58073 - R:localhost/127.0.0.1:59229]
11:58:32.472 [Forwarding isElementDisplayed on session 6f0dca5dfe5ed485ed5e10da91204f0b to remote] DEBUG org.asynchttpclient.netty.request.NettyRequestSender - Using pooled Channel '[id: 0x4c4be989, L:/127.0.0.1:58073 - R:localhost/127.0.0.1:59229]' for 'POST' to 'http://localhost:59229/session/6f0dca5dfe5ed485ed5e10da91204f0b/execute/sync'
11:58:32.472 [Forwarding isElementDisplayed on session 6f0dca5dfe5ed485ed5e10da91204f0b to remote] DEBUG org.asynchttpclient.netty.request.NettyRequestSender - Using open Channel [id: 0x4c4be989, L:/127.0.0.1:58073 - R:localhost/127.0.0.1:59229] for POST '/session/6f0dca5dfe5ed485ed5e10da91204f0b/execute/sync'
11:58:33.113 [AsyncHttpClient-1-2] DEBUG org.asynchttpclient.netty.handler.HttpHandler - 

Request DefaultHttpRequest(decodeResult: success, version: HTTP/1.1)
POST /session/6f0dca5dfe5ed485ed5e10da91204f0b/execute/sync HTTP/1.1
User-Agent: selenium/4.1.2 (java windows)
Content-Length: 48780
Content-Type: application/json; charset=utf-8
host: localhost:59229
accept: */*

Response DefaultHttpResponse(decodeResult: success, version: HTTP/1.1)
HTTP/1.1 200 OK
Content-Type: application/json; charset=utf-8
cache-control: no-cache
content-length: 14

11:58:33.113 [AsyncHttpClient-1-2] DEBUG org.asynchttpclient.netty.channel.ChannelManager - Adding key: http://localhost:59229 for channel [id: 0x4c4be989, L:/127.0.0.1:58073 - R:localhost/127.0.0.1:59229]
11:58:33.135 [AsyncHttpClient-1-1] DEBUG org.asynchttpclient.netty.channel.DefaultChannelPool - Entry count for : http://localhost:59229 : 1
11:58:33.135 [AsyncHttpClient-1-1] DEBUG org.asynchttpclient.netty.channel.DefaultChannelPool - Entry count for : http://localhost:58093 : 1
11:58:33.139 [Forwarding screenshot on session 6f0dca5dfe5ed485ed5e10da91204f0b to remote] DEBUG org.asynchttpclient.netty.request.NettyRequestSender - Using pooled Channel '[id: 0x4c4be989, L:/127.0.0.1:58073 - R:localhost/127.0.0.1:59229]' for 'GET' to 'http://localhost:59229/session/6f0dca5dfe5ed485ed5e10da91204f0b/screenshot'
11:58:33.139 [Forwarding screenshot on session 6f0dca5dfe5ed485ed5e10da91204f0b to remote] DEBUG org.asynchttpclient.netty.request.NettyRequestSender - Using open Channel [id: 0x4c4be989, L:/127.0.0.1:58073 - R:localhost/127.0.0.1:59229] for GET '/session/6f0dca5dfe5ed485ed5e10da91204f0b/screenshot'
11:58:33.834 [AsyncHttpClient-1-2] DEBUG org.asynchttpclient.netty.handler.HttpHandler - 

Request DefaultFullHttpRequest(decodeResult: success, version: HTTP/1.1, content: EmptyByteBufBE)
GET /session/6f0dca5dfe5ed485ed5e10da91204f0b/screenshot HTTP/1.1
User-Agent: selenium/4.1.2 (java windows)
Cache-Control: no-cache
Content-Type: application/json; charset=utf-8
host: localhost:59229
accept: */*

Response DefaultHttpResponse(decodeResult: success, version: HTTP/1.1)
HTTP/1.1 200 OK
Content-Type: application/json; charset=utf-8
cache-control: no-cache
content-length: 349908

11:58:33.851 [AsyncHttpClient-1-2] DEBUG org.asynchttpclient.netty.channel.ChannelManager - Adding key: http://localhost:59229 for channel [id: 0x4c4be989, L:/127.0.0.1:58073 - R:localhost/127.0.0.1:59229]
11:58:33.993 [main] DEBUG net.serenitybdd.core.photography.Darkroom - Send negative for processing for target\site\serenity\462a2931ae2303bc0510c5c3f1af11d9bf44a4ebb3ec91f15a247b5c4ba8e898.png
11:58:33.995 [main] DEBUG net.thucydides.core.steps.StepInterceptor - STEP DONE: validateOnDashboardPage
  &amp#27;[32mGiven &amp#27;[0m&amp#27;[32mI am on the dashboard page&amp#27;[0m      &amp#27;[90m# starter.stepdefinitions.DashboardSteps.iAmOnTheDashboardPage()&amp#27;[0m
11:58:34.234 [AsyncHttpClient-1-1] DEBUG org.asynchttpclient.netty.channel.DefaultChannelPool - Entry count for : http://localhost:59229 : 1
11:58:34.234 [AsyncHttpClient-1-1] DEBUG org.asynchttpclient.netty.channel.DefaultChannelPool - Entry count for : http://localhost:58093 : 1
11:58:34.521 [Forwarding screenshot on session 6f0dca5dfe5ed485ed5e10da91204f0b to remote] DEBUG org.asynchttpclient.netty.request.NettyRequestSender - Using pooled Channel '[id: 0x4c4be989, L:/127.0.0.1:58073 - R:localhost/127.0.0.1:59229]' for 'GET' to 'http://localhost:59229/session/6f0dca5dfe5ed485ed5e10da91204f0b/screenshot'
11:58:34.522 [Forwarding screenshot on session 6f0dca5dfe5ed485ed5e10da91204f0b to remote] DEBUG org.asynchttpclient.netty.request.NettyRequestSender - Using open Channel [id: 0x4c4be989, L:/127.0.0.1:58073 - R:localhost/127.0.0.1:59229] for GET '/session/6f0dca5dfe5ed485ed5e10da91204f0b/screenshot'
11:58:35.215 [AsyncHttpClient-1-2] DEBUG org.asynchttpclient.netty.handler.HttpHandler - 

Request DefaultFullHttpRequest(decodeResult: success, version: HTTP/1.1, content: EmptyByteBufBE)
GET /session/6f0dca5dfe5ed485ed5e10da91204f0b/screenshot HTTP/1.1
User-Agent: selenium/4.1.2 (java windows)
Cache-Control: no-cache
Content-Type: application/json; charset=utf-8
host: localhost:59229
accept: */*

Response DefaultHttpResponse(decodeResult: success, version: HTTP/1.1)
HTTP/1.1 200 OK
Content-Type: application/json; charset=utf-8
cache-control: no-cache
content-length: 349908

11:58:35.233 [AsyncHttpClient-1-2] DEBUG org.asynchttpclient.netty.channel.ChannelManager - Adding key: http://localhost:59229 for channel [id: 0x4c4be989, L:/127.0.0.1:58073 - R:localhost/127.0.0.1:59229]
11:58:35.299 [main] DEBUG net.serenitybdd.core.photography.Darkroom - Send negative for processing for target\site\serenity\462a2931ae2303bc0510c5c3f1af11d9bf44a4ebb3ec91f15a247b5c4ba8e898.png
11:58:35.334 [AsyncHttpClient-1-1] DEBUG org.asynchttpclient.netty.channel.DefaultChannelPool - Entry count for : http://localhost:59229 : 1
11:58:35.334 [AsyncHttpClient-1-1] DEBUG org.asynchttpclient.netty.channel.DefaultChannelPool - Entry count for : http://localhost:58093 : 1
11:58:35.400 [Forwarding screenshot on session 6f0dca5dfe5ed485ed5e10da91204f0b to remote] DEBUG org.asynchttpclient.netty.request.NettyRequestSender - Using pooled Channel '[id: 0x4c4be989, L:/127.0.0.1:58073 - R:localhost/127.0.0.1:59229]' for 'GET' to 'http://localhost:59229/session/6f0dca5dfe5ed485ed5e10da91204f0b/screenshot'
11:58:35.401 [Forwarding screenshot on session 6f0dca5dfe5ed485ed5e10da91204f0b to remote] DEBUG org.asynchttpclient.netty.request.NettyRequestSender - Using open Channel [id: 0x4c4be989, L:/127.0.0.1:58073 - R:localhost/127.0.0.1:59229] for GET '/session/6f0dca5dfe5ed485ed5e10da91204f0b/screenshot'
11:58:36.109 [AsyncHttpClient-1-2] DEBUG org.asynchttpclient.netty.handler.HttpHandler - 

Request DefaultFullHttpRequest(decodeResult: success, version: HTTP/1.1, content: EmptyByteBufBE)
GET /session/6f0dca5dfe5ed485ed5e10da91204f0b/screenshot HTTP/1.1
User-Agent: selenium/4.1.2 (java windows)
Cache-Control: no-cache
Content-Type: application/json; charset=utf-8
host: localhost:59229
accept: */*

Response DefaultHttpResponse(decodeResult: success, version: HTTP/1.1)
HTTP/1.1 200 OK
Content-Type: application/json; charset=utf-8
cache-control: no-cache
content-length: 349908

11:58:36.123 [AsyncHttpClient-1-2] DEBUG org.asynchttpclient.netty.channel.ChannelManager - Adding key: http://localhost:59229 for channel [id: 0x4c4be989, L:/127.0.0.1:58073 - R:localhost/127.0.0.1:59229]
11:58:36.188 [main] DEBUG net.serenitybdd.core.photography.Darkroom - Send negative for processing for target\site\serenity\462a2931ae2303bc0510c5c3f1af11d9bf44a4ebb3ec91f15a247b5c4ba8e898.png
11:58:36.232 [main] DEBUG net.thucydides.core.steps.StepInterceptor - STARTING STEP: DashboardSteps.iClickDashboardDoctorsButton - clickDoctorButton
11:58:36.433 [AsyncHttpClient-1-1] DEBUG org.asynchttpclient.netty.channel.DefaultChannelPool - Entry count for : http://localhost:59229 : 1
11:58:36.433 [AsyncHttpClient-1-1] DEBUG org.asynchttpclient.netty.channel.DefaultChannelPool - Entry count for : http://localhost:58093 : 1
11:58:36.860 [Forwarding findElement on session 6f0dca5dfe5ed485ed5e10da91204f0b to remote] DEBUG org.asynchttpclient.netty.request.NettyRequestSender - Using pooled Channel '[id: 0x4c4be989, L:/127.0.0.1:58073 - R:localhost/127.0.0.1:59229]' for 'POST' to 'http://localhost:59229/session/6f0dca5dfe5ed485ed5e10da91204f0b/element'
11:58:36.861 [Forwarding findElement on session 6f0dca5dfe5ed485ed5e10da91204f0b to remote] DEBUG org.asynchttpclient.netty.request.NettyRequestSender - Using open Channel [id: 0x4c4be989, L:/127.0.0.1:58073 - R:localhost/127.0.0.1:59229] for POST '/session/6f0dca5dfe5ed485ed5e10da91204f0b/element'
11:58:36.911 [AsyncHttpClient-1-2] DEBUG org.asynchttpclient.netty.handler.HttpHandler - 

Request DefaultHttpRequest(decodeResult: success, version: HTTP/1.1)
POST /session/6f0dca5dfe5ed485ed5e10da91204f0b/element HTTP/1.1
User-Agent: selenium/4.1.2 (java windows)
Content-Length: 78
Content-Type: application/json; charset=utf-8
host: localhost:59229
accept: */*

Response DefaultHttpResponse(decodeResult: success, version: HTTP/1.1)
HTTP/1.1 200 OK
Content-Type: application/json; charset=utf-8
cache-control: no-cache
content-length: 88

11:58:36.912 [AsyncHttpClient-1-2] DEBUG org.asynchttpclient.netty.channel.ChannelManager - Adding key: http://localhost:59229 for channel [id: 0x4c4be989, L:/127.0.0.1:58073 - R:localhost/127.0.0.1:59229]
11:58:36.922 [Forwarding getElementTagName on session 6f0dca5dfe5ed485ed5e10da91204f0b to remote] DEBUG org.asynchttpclient.netty.request.NettyRequestSender - Using pooled Channel '[id: 0x4c4be989, L:/127.0.0.1:58073 - R:localhost/127.0.0.1:59229]' for 'GET' to 'http://localhost:59229/session/6f0dca5dfe5ed485ed5e10da91204f0b/element/6092b01b-dfdd-41dd-8e43-ed5395d35971/name'
11:58:36.922 [Forwarding getElementTagName on session 6f0dca5dfe5ed485ed5e10da91204f0b to remote] DEBUG org.asynchttpclient.netty.request.NettyRequestSender - Using open Channel [id: 0x4c4be989, L:/127.0.0.1:58073 - R:localhost/127.0.0.1:59229] for GET '/session/6f0dca5dfe5ed485ed5e10da91204f0b/element/6092b01b-dfdd-41dd-8e43-ed5395d35971/name'
11:58:37.009 [AsyncHttpClient-1-2] DEBUG org.asynchttpclient.netty.handler.HttpHandler - 

Request DefaultFullHttpRequest(decodeResult: success, version: HTTP/1.1, content: EmptyByteBufBE)
GET /session/6f0dca5dfe5ed485ed5e10da91204f0b/element/6092b01b-dfdd-41dd-8e43-ed5395d35971/name HTTP/1.1
User-Agent: selenium/4.1.2 (java windows)
Cache-Control: no-cache
Content-Type: application/json; charset=utf-8
host: localhost:59229
accept: */*

Response DefaultHttpResponse(decodeResult: success, version: HTTP/1.1)
HTTP/1.1 200 OK
Content-Type: application/json; charset=utf-8
cache-control: no-cache
content-length: 13

11:58:37.010 [AsyncHttpClient-1-2] DEBUG org.asynchttpclient.netty.channel.ChannelManager - Adding key: http://localhost:59229 for channel [id: 0x4c4be989, L:/127.0.0.1:58073 - R:localhost/127.0.0.1:59229]
11:58:37.018 [Forwarding getElementTagName on session 6f0dca5dfe5ed485ed5e10da91204f0b to remote] DEBUG org.asynchttpclient.netty.request.NettyRequestSender - Using pooled Channel '[id: 0x4c4be989, L:/127.0.0.1:58073 - R:localhost/127.0.0.1:59229]' for 'GET' to 'http://localhost:59229/session/6f0dca5dfe5ed485ed5e10da91204f0b/element/6092b01b-dfdd-41dd-8e43-ed5395d35971/name'
11:58:37.018 [Forwarding getElementTagName on session 6f0dca5dfe5ed485ed5e10da91204f0b to remote] DEBUG org.asynchttpclient.netty.request.NettyRequestSender - Using open Channel [id: 0x4c4be989, L:/127.0.0.1:58073 - R:localhost/127.0.0.1:59229] for GET '/session/6f0dca5dfe5ed485ed5e10da91204f0b/element/6092b01b-dfdd-41dd-8e43-ed5395d35971/name'
11:58:37.031 [AsyncHttpClient-1-2] DEBUG org.asynchttpclient.netty.handler.HttpHandler - 

Request DefaultFullHttpRequest(decodeResult: success, version: HTTP/1.1, content: EmptyByteBufBE)
GET /session/6f0dca5dfe5ed485ed5e10da91204f0b/element/6092b01b-dfdd-41dd-8e43-ed5395d35971/name HTTP/1.1
User-Agent: selenium/4.1.2 (java windows)
Cache-Control: no-cache
Content-Type: application/json; charset=utf-8
host: localhost:59229
accept: */*

Response DefaultHttpResponse(decodeResult: success, version: HTTP/1.1)
HTTP/1.1 200 OK
Content-Type: application/json; charset=utf-8
cache-control: no-cache
content-length: 13

11:58:37.033 [AsyncHttpClient-1-2] DEBUG org.asynchttpclient.netty.channel.ChannelManager - Adding key: http://localhost:59229 for channel [id: 0x4c4be989, L:/127.0.0.1:58073 - R:localhost/127.0.0.1:59229]
11:58:37.043 [Forwarding findElement on session 6f0dca5dfe5ed485ed5e10da91204f0b to remote] DEBUG org.asynchttpclient.netty.request.NettyRequestSender - Using pooled Channel '[id: 0x4c4be989, L:/127.0.0.1:58073 - R:localhost/127.0.0.1:59229]' for 'POST' to 'http://localhost:59229/session/6f0dca5dfe5ed485ed5e10da91204f0b/element'
11:58:37.043 [Forwarding findElement on session 6f0dca5dfe5ed485ed5e10da91204f0b to remote] DEBUG org.asynchttpclient.netty.request.NettyRequestSender - Using open Channel [id: 0x4c4be989, L:/127.0.0.1:58073 - R:localhost/127.0.0.1:59229] for POST '/session/6f0dca5dfe5ed485ed5e10da91204f0b/element'
11:58:37.068 [AsyncHttpClient-1-2] DEBUG org.asynchttpclient.netty.handler.HttpHandler - 

Request DefaultHttpRequest(decodeResult: success, version: HTTP/1.1)
POST /session/6f0dca5dfe5ed485ed5e10da91204f0b/element HTTP/1.1
User-Agent: selenium/4.1.2 (java windows)
Content-Length: 78
Content-Type: application/json; charset=utf-8
host: localhost:59229
accept: */*

Response DefaultHttpResponse(decodeResult: success, version: HTTP/1.1)
HTTP/1.1 200 OK
Content-Type: application/json; charset=utf-8
cache-control: no-cache
content-length: 88

11:58:37.069 [AsyncHttpClient-1-2] DEBUG org.asynchttpclient.netty.channel.ChannelManager - Adding key: http://localhost:59229 for channel [id: 0x4c4be989, L:/127.0.0.1:58073 - R:localhost/127.0.0.1:59229]
11:58:37.076 [Forwarding clickElement on session 6f0dca5dfe5ed485ed5e10da91204f0b to remote] DEBUG org.asynchttpclient.netty.request.NettyRequestSender - Using pooled Channel '[id: 0x4c4be989, L:/127.0.0.1:58073 - R:localhost/127.0.0.1:59229]' for 'POST' to 'http://localhost:59229/session/6f0dca5dfe5ed485ed5e10da91204f0b/element/6092b01b-dfdd-41dd-8e43-ed5395d35971/click'
11:58:37.077 [Forwarding clickElement on session 6f0dca5dfe5ed485ed5e10da91204f0b to remote] DEBUG org.asynchttpclient.netty.request.NettyRequestSender - Using open Channel [id: 0x4c4be989, L:/127.0.0.1:58073 - R:localhost/127.0.0.1:59229] for POST '/session/6f0dca5dfe5ed485ed5e10da91204f0b/element/6092b01b-dfdd-41dd-8e43-ed5395d35971/click'
11:58:37.533 [AsyncHttpClient-1-1] DEBUG org.asynchttpclient.netty.channel.DefaultChannelPool - Entry count for : http://localhost:58093 : 1
11:58:38.634 [AsyncHttpClient-1-1] DEBUG org.asynchttpclient.netty.channel.DefaultChannelPool - Entry count for : http://localhost:58093 : 1
11:58:38.634 [AsyncHttpClient-1-1] DEBUG org.asynchttpclient.netty.channel.DefaultChannelPool - Adding Candidate expired Channel [id: 0xf99ece3b, L:/127.0.0.1:58154 - R:localhost/127.0.0.1:58093] isIdleTimeoutExpired=true isRemotelyClosed=false isTtlExpired=false
11:58:38.634 [AsyncHttpClient-1-1] DEBUG org.asynchttpclient.netty.channel.DefaultChannelPool - Closing Idle Channel [id: 0xf99ece3b, L:/127.0.0.1:58154 - R:localhost/127.0.0.1:58093]
11:58:38.638 [AsyncHttpClient-1-1] DEBUG org.asynchttpclient.netty.channel.DefaultChannelPool - Closed 1 connections out of 1 in 3 ms
11:58:38.641 [AsyncHttpClient-1-3] DEBUG org.asynchttpclient.netty.handler.HttpHandler - Channel Closed: [id: 0xf99ece3b, L:/127.0.0.1:58154 ! R:localhost/127.0.0.1:58093] with attribute DISCARD
11:58:47.826 [AsyncHttpClient-1-2] DEBUG org.asynchttpclient.netty.handler.HttpHandler - 

Request DefaultHttpRequest(decodeResult: success, version: HTTP/1.1)
POST /session/6f0dca5dfe5ed485ed5e10da91204f0b/element/6092b01b-dfdd-41dd-8e43-ed5395d35971/click HTTP/1.1
User-Agent: selenium/4.1.2 (java windows)
Content-Length: 50
Content-Type: application/json; charset=utf-8
host: localhost:59229
accept: */*

Response DefaultHttpResponse(decodeResult: success, version: HTTP/1.1)
HTTP/1.1 200 OK
Content-Type: application/json; charset=utf-8
cache-control: no-cache
content-length: 14

11:58:47.827 [AsyncHttpClient-1-2] DEBUG org.asynchttpclient.netty.channel.ChannelManager - Adding key: http://localhost:59229 for channel [id: 0x4c4be989, L:/127.0.0.1:58073 - R:localhost/127.0.0.1:59229]
11:58:47.875 [Forwarding screenshot on session 6f0dca5dfe5ed485ed5e10da91204f0b to remote] DEBUG org.asynchttpclient.netty.request.NettyRequestSender - Using pooled Channel '[id: 0x4c4be989, L:/127.0.0.1:58073 - R:localhost/127.0.0.1:59229]' for 'GET' to 'http://localhost:59229/session/6f0dca5dfe5ed485ed5e10da91204f0b/screenshot'
11:58:47.876 [Forwarding screenshot on session 6f0dca5dfe5ed485ed5e10da91204f0b to remote] DEBUG org.asynchttpclient.netty.request.NettyRequestSender - Using open Channel [id: 0x4c4be989, L:/127.0.0.1:58073 - R:localhost/127.0.0.1:59229] for GET '/session/6f0dca5dfe5ed485ed5e10da91204f0b/screenshot'
11:58:48.939 [AsyncHttpClient-1-2] DEBUG org.asynchttpclient.netty.handler.HttpHandler - 

Request DefaultFullHttpRequest(decodeResult: success, version: HTTP/1.1, content: EmptyByteBufBE)
GET /session/6f0dca5dfe5ed485ed5e10da91204f0b/screenshot HTTP/1.1
User-Agent: selenium/4.1.2 (java windows)
Cache-Control: no-cache
Content-Type: application/json; charset=utf-8
host: localhost:59229
accept: */*

Response DefaultHttpResponse(decodeResult: success, version: HTTP/1.1)
HTTP/1.1 200 OK
Content-Type: application/json; charset=utf-8
cache-control: no-cache
content-length: 77584

11:58:48.943 [AsyncHttpClient-1-2] DEBUG org.asynchttpclient.netty.channel.ChannelManager - Adding key: http://localhost:59229 for channel [id: 0x4c4be989, L:/127.0.0.1:58073 - R:localhost/127.0.0.1:59229]
11:58:48.963 [main] DEBUG net.serenitybdd.core.photography.Darkroom - Send negative for processing for target\site\serenity\d213cb1626ee1f8a75450a6e2606a044cc152e2ce6fb24373616aa8cd7be3f94.png
11:58:48.965 [main] DEBUG net.thucydides.core.steps.StepInterceptor - STEP DONE: clickDoctorButton
11:58:48.965 [Darkroom Processing Line] DEBUG net.serenitybdd.core.photography.DarkroomProcessingLine - Processing screenshot image in /var/screenshots/screenshot-17469870510450864632
11:58:48.965 [Darkroom Processing Line] DEBUG net.serenitybdd.core.photography.DarkroomProcessingLine - Saving screenshot to target\site\serenity\d213cb1626ee1f8a75450a6e2606a044cc152e2ce6fb24373616aa8cd7be3f94.png
  &amp#27;[32mWhen &amp#27;[0m&amp#27;[32mI click dashboard doctors button&amp#27;[0m &amp#27;[90m# starter.stepdefinitions.DashboardSteps.iClickDashboardDoctorsButton()&amp#27;[0m
11:58:49.049 [Forwarding screenshot on session 6f0dca5dfe5ed485ed5e10da91204f0b to remote] DEBUG org.asynchttpclient.netty.request.NettyRequestSender - Using pooled Channel '[id: 0x4c4be989, L:/127.0.0.1:58073 - R:localhost/127.0.0.1:59229]' for 'GET' to 'http://localhost:59229/session/6f0dca5dfe5ed485ed5e10da91204f0b/screenshot'
11:58:49.050 [Forwarding screenshot on session 6f0dca5dfe5ed485ed5e10da91204f0b to remote] DEBUG org.asynchttpclient.netty.request.NettyRequestSender - Using open Channel [id: 0x4c4be989, L:/127.0.0.1:58073 - R:localhost/127.0.0.1:59229] for GET '/session/6f0dca5dfe5ed485ed5e10da91204f0b/screenshot'
11:58:49.306 [AsyncHttpClient-1-2] DEBUG org.asynchttpclient.netty.handler.HttpHandler - 

Request DefaultFullHttpRequest(decodeResult: success, version: HTTP/1.1, content: EmptyByteBufBE)
GET /session/6f0dca5dfe5ed485ed5e10da91204f0b/screenshot HTTP/1.1
User-Agent: selenium/4.1.2 (java windows)
Cache-Control: no-cache
Content-Type: application/json; charset=utf-8
host: localhost:59229
accept: */*

Response DefaultHttpResponse(decodeResult: success, version: HTTP/1.1)
HTTP/1.1 200 OK
Content-Type: application/json; charset=utf-8
cache-control: no-cache
content-length: 77584

11:58:49.309 [AsyncHttpClient-1-2] DEBUG org.asynchttpclient.netty.channel.ChannelManager - Adding key: http://localhost:59229 for channel [id: 0x4c4be989, L:/127.0.0.1:58073 - R:localhost/127.0.0.1:59229]
11:58:49.322 [main] DEBUG net.serenitybdd.core.photography.Darkroom - Send negative for processing for target\site\serenity\d213cb1626ee1f8a75450a6e2606a044cc152e2ce6fb24373616aa8cd7be3f94.png
11:58:49.324 [main] DEBUG net.thucydides.core.steps.StepInterceptor - STARTING STEP: DashboardSteps.iGetRedirectToDoctorPage - validateOnDoctorPage
11:58:49.333 [Forwarding findElement on session 6f0dca5dfe5ed485ed5e10da91204f0b to remote] DEBUG org.asynchttpclient.netty.request.NettyRequestSender - Using pooled Channel '[id: 0x4c4be989, L:/127.0.0.1:58073 - R:localhost/127.0.0.1:59229]' for 'POST' to 'http://localhost:59229/session/6f0dca5dfe5ed485ed5e10da91204f0b/element'
11:58:49.334 [Forwarding findElement on session 6f0dca5dfe5ed485ed5e10da91204f0b to remote] DEBUG org.asynchttpclient.netty.request.NettyRequestSender - Using open Channel [id: 0x4c4be989, L:/127.0.0.1:58073 - R:localhost/127.0.0.1:59229] for POST '/session/6f0dca5dfe5ed485ed5e10da91204f0b/element'
11:58:50.599 [AsyncHttpClient-1-2] DEBUG org.asynchttpclient.netty.handler.HttpHandler - 

Request DefaultHttpRequest(decodeResult: success, version: HTTP/1.1)
POST /session/6f0dca5dfe5ed485ed5e10da91204f0b/element HTTP/1.1
User-Agent: selenium/4.1.2 (java windows)
Content-Length: 78
Content-Type: application/json; charset=utf-8
host: localhost:59229
accept: */*

Response DefaultHttpResponse(decodeResult: success, version: HTTP/1.1)
HTTP/1.1 200 OK
Content-Type: application/json; charset=utf-8
cache-control: no-cache
content-length: 88

11:58:50.600 [AsyncHttpClient-1-2] DEBUG org.asynchttpclient.netty.channel.ChannelManager - Adding key: http://localhost:59229 for channel [id: 0x4c4be989, L:/127.0.0.1:58073 - R:localhost/127.0.0.1:59229]
11:58:50.619 [Forwarding isElementDisplayed on session 6f0dca5dfe5ed485ed5e10da91204f0b to remote] DEBUG org.asynchttpclient.netty.request.NettyRequestSender - Using pooled Channel '[id: 0x4c4be989, L:/127.0.0.1:58073 - R:localhost/127.0.0.1:59229]' for 'POST' to 'http://localhost:59229/session/6f0dca5dfe5ed485ed5e10da91204f0b/execute/sync'
11:58:50.619 [Forwarding isElementDisplayed on session 6f0dca5dfe5ed485ed5e10da91204f0b to remote] DEBUG org.asynchttpclient.netty.request.NettyRequestSender - Using open Channel [id: 0x4c4be989, L:/127.0.0.1:58073 - R:localhost/127.0.0.1:59229] for POST '/session/6f0dca5dfe5ed485ed5e10da91204f0b/execute/sync'
11:58:52.789 [AsyncHttpClient-1-2] DEBUG org.asynchttpclient.netty.handler.HttpHandler - 

Request DefaultHttpRequest(decodeResult: success, version: HTTP/1.1)
POST /session/6f0dca5dfe5ed485ed5e10da91204f0b/execute/sync HTTP/1.1
User-Agent: selenium/4.1.2 (java windows)
Content-Length: 48780
Content-Type: application/json; charset=utf-8
host: localhost:59229
accept: */*

Response DefaultHttpResponse(decodeResult: success, version: HTTP/1.1)
HTTP/1.1 200 OK
Content-Type: application/json; charset=utf-8
cache-control: no-cache
content-length: 14

11:58:52.790 [AsyncHttpClient-1-2] DEBUG org.asynchttpclient.netty.channel.ChannelManager - Adding key: http://localhost:59229 for channel [id: 0x4c4be989, L:/127.0.0.1:58073 - R:localhost/127.0.0.1:59229]
11:58:52.813 [Forwarding screenshot on session 6f0dca5dfe5ed485ed5e10da91204f0b to remote] DEBUG org.asynchttpclient.netty.request.NettyRequestSender - Using pooled Channel '[id: 0x4c4be989, L:/127.0.0.1:58073 - R:localhost/127.0.0.1:59229]' for 'GET' to 'http://localhost:59229/session/6f0dca5dfe5ed485ed5e10da91204f0b/screenshot'
11:58:52.813 [Forwarding screenshot on session 6f0dca5dfe5ed485ed5e10da91204f0b to remote] DEBUG org.asynchttpclient.netty.request.NettyRequestSender - Using open Channel [id: 0x4c4be989, L:/127.0.0.1:58073 - R:localhost/127.0.0.1:59229] for GET '/session/6f0dca5dfe5ed485ed5e10da91204f0b/screenshot'
11:58:53.081 [AsyncHttpClient-1-2] DEBUG org.asynchttpclient.netty.handler.HttpHandler - 

Request DefaultFullHttpRequest(decodeResult: success, version: HTTP/1.1, content: EmptyByteBufBE)
GET /session/6f0dca5dfe5ed485ed5e10da91204f0b/screenshot HTTP/1.1
User-Agent: selenium/4.1.2 (java windows)
Cache-Control: no-cache
Content-Type: application/json; charset=utf-8
host: localhost:59229
accept: */*

Response DefaultHttpResponse(decodeResult: success, version: HTTP/1.1)
HTTP/1.1 200 OK
Content-Type: application/json; charset=utf-8
cache-control: no-cache
content-length: 77584

11:58:53.094 [AsyncHttpClient-1-2] DEBUG org.asynchttpclient.netty.channel.ChannelManager - Adding key: http://localhost:59229 for channel [id: 0x4c4be989, L:/127.0.0.1:58073 - R:localhost/127.0.0.1:59229]
11:58:53.128 [main] DEBUG net.serenitybdd.core.photography.Darkroom - Send negative for processing for target\site\serenity\d213cb1626ee1f8a75450a6e2606a044cc152e2ce6fb24373616aa8cd7be3f94.png
11:58:53.129 [main] DEBUG net.thucydides.core.steps.StepInterceptor - STEP DONE: validateOnDoctorPage
  &amp#27;[32mThen &amp#27;[0m&amp#27;[32mI get redirect to doctor page&amp#27;[0m    &amp#27;[90m# starter.stepdefinitions.DashboardSteps.iGetRedirectToDoctorPage()&amp#27;[0m
11:58:53.213 [main] INFO  - 
  _____   ___   ___   _____     ___     _     ___   ___   ___   ___  
 |_   _| | __| / __| |_   _|   | _ \   /_\   / __| / __| | __| |   \ 
   | |   | _|  \__ \   | |     |  _/  / _ \  \__ \ \__ \ | _|  | |) |
   |_|   |___| |___/   |_|     |_|   /_/ \_\ |___/ |___/ |___| |___/ 

Click Doctors Button Scenario
----------------------------------------------------------------------
11:58:54.034 [AsyncHttpClient-1-1] DEBUG org.asynchttpclient.netty.channel.DefaultChannelPool - Entry count for : http://localhost:59229 : 1
11:58:55.136 [AsyncHttpClient-1-1] DEBUG org.asynchttpclient.netty.channel.DefaultChannelPool - Entry count for : http://localhost:59229 : 1
11:58:56.234 [AsyncHttpClient-1-1] DEBUG org.asynchttpclient.netty.channel.DefaultChannelPool - Entry count for : http://localhost:59229 : 1
11:58:56.733 [AsyncHttpClient-1-4] DEBUG org.asynchttpclient.netty.handler.WebSocketHandler - Channel Closed: [id: 0x7cf5d715, L:/127.0.0.1:58155 ! R:localhost/127.0.0.1:58093] with attribute NettyResponseFuture{currentRetry=5,
	isDone=1,
	isCancelled=0,
	asyncHandler=org.asynchttpclient.ws.WebSocketUpgradeHandler@74278f2,
	nettyRequest=org.asynchttpclient.netty.request.NettyRequest@6b416807,
	future=java.util.concurrent.CompletableFuture@445ec53e[Completed normally],
	uri=ws://localhost:58093/devtools/browser/e0fbe6d2-1ca3-4016-abda-f0aa4804b75f,
	keepAlive=true,
	redirectCount=0,
	timeoutsHolder=null,
	inAuth=0,
	touch=1655960258587}
11:58:56.734 [Driver Command Executor] DEBUG org.asynchttpclient.netty.request.NettyRequestSender - Using pooled Channel '[id: 0x4c4be989, L:/127.0.0.1:58073 - R:localhost/127.0.0.1:59229]' for 'DELETE' to 'http://localhost:59229/session/6f0dca5dfe5ed485ed5e10da91204f0b'
11:58:56.734 [Driver Command Executor] DEBUG org.asynchttpclient.netty.request.NettyRequestSender - Using open Channel [id: 0x4c4be989, L:/127.0.0.1:58073 - R:localhost/127.0.0.1:59229] for DELETE '/session/6f0dca5dfe5ed485ed5e10da91204f0b'
11:58:56.736 [AsyncHttpClient-1-4] DEBUG org.asynchttpclient.netty.channel.ChannelManager - Closing Channel [id: 0x7cf5d715, L:/127.0.0.1:58155 ! R:localhost/127.0.0.1:58093] 
11:59:05.306 [AsyncHttpClient-1-2] DEBUG org.asynchttpclient.netty.handler.HttpHandler - 

Request DefaultFullHttpRequest(decodeResult: success, version: HTTP/1.1, content: EmptyByteBufBE)
DELETE /session/6f0dca5dfe5ed485ed5e10da91204f0b HTTP/1.1
User-Agent: selenium/4.1.2 (java windows)
Content-Type: application/json; charset=utf-8
host: localhost:59229
accept: */*

Response DefaultHttpResponse(decodeResult: success, version: HTTP/1.1)
HTTP/1.1 200 OK
Content-Type: application/json; charset=utf-8
cache-control: no-cache
content-length: 14

11:59:05.308 [AsyncHttpClient-1-2] DEBUG org.asynchttpclient.netty.channel.ChannelManager - Adding key: http://localhost:59229 for channel [id: 0x4c4be989, L:/127.0.0.1:58073 - R:localhost/127.0.0.1:59229]
11:59:06.021 [AsyncHttpClient-1-2] DEBUG org.asynchttpclient.netty.handler.HttpHandler - Channel Closed: [id: 0x4c4be989, L:/127.0.0.1:58073 ! R:localhost/127.0.0.1:59229] with attribute DISCARD
11:59:06.133 [AsyncHttpClient-1-1] DEBUG org.asynchttpclient.netty.channel.DefaultChannelPool - Entry count for : http://localhost:59229 : 1
11:59:06.133 [AsyncHttpClient-1-1] DEBUG org.asynchttpclient.netty.channel.DefaultChannelPool - Adding Candidate expired Channel [id: 0x4c4be989, L:/127.0.0.1:58073 ! R:localhost/127.0.0.1:59229] isIdleTimeoutExpired=false isRemotelyClosed=true isTtlExpired=false
11:59:06.133 [AsyncHttpClient-1-1] DEBUG org.asynchttpclient.netty.channel.DefaultChannelPool - Closing Idle Channel [id: 0x4c4be989, L:/127.0.0.1:58073 ! R:localhost/127.0.0.1:59229]
11:59:06.134 [AsyncHttpClient-1-1] DEBUG org.asynchttpclient.netty.channel.DefaultChannelPool - Closed 1 connections out of 1 in 1 ms
]]></system-out>
    <system-err><![CDATA[Starting ChromeDriver 102.0.5005.61 (0e59bcc00cc4985ce39ad31c150065f159d95ad3-refs/branch-heads/5005@{#819}) on port 59229
Only local connections are allowed.
Please see https://chromedriver.chromium.org/security-considerations for suggestions on keeping ChromeDriver safe.
ChromeDriver was started successfully.
[1655960238.386][WARNING]: Timed out connecting to Chrome, retrying...
Jun 23, 2022 11:57:36 AM org.openqa.selenium.remote.ProtocolHandshake createSession
INFO: Detected dialect: W3C
Jun 23, 2022 11:57:38 AM org.openqa.selenium.devtools.CdpVersionFinder findNearestMatch
WARNING: Unable to find an exact match for CDP version 102, so returning the closest version found: a no-op implementation
Jun 23, 2022 11:57:38 AM org.openqa.selenium.devtools.CdpVersionFinder findNearestMatch
INFO: Unable to find CDP implementation matching 102.
Jun 23, 2022 11:57:38 AM org.openqa.selenium.chromium.ChromiumDriver lambda$new$3
WARNING: Unable to find version of CDP to use for . You may need to include a dependency on a specific version of the CDP using something similar to `org.seleniumhq.selenium:selenium-devtools-v86:4.1.2` where the version ("v86") matches the version of the chromium-based browser you're using and the version number of the artifact is the same as Selenium's.
Jun 23, 2022 11:59:07 AM org.openqa.selenium.os.OsProcess destroy
SEVERE: Unable to kill process Process[pid=3636, exitValue=1]
]]></system-err>
  </testcase>
</testsuite>