<?xml version="1.0" encoding="UTF-8" standalone="no"?><testsuite errors="0" failures="0" name="Doctor" skipped="0" tests="9" time="94.76" timestamp="2022-06-18 05:43:18"><testcase name="Create New Doctor Scenario"/><testcase name="Cancel Create New Doctor Scenario"/><testcase name="Edit Doctor Data Scenario"/><testcase name="Cancel Edit Doctor Data Scenario"/><testcase name="Delete Doctor Data Scenario"/><testcase name="Cancel Delete Doctor Data Scenario"/><testcase name="Search Doctor Based on Doctor NID Scenario"/><testcase name="Search Doctor Based on Doctor Name Scenario"/><testcase name="Search Doctor Based on Doctor Phone Number Scenario"/></testsuite>